<?xml version="1.0" encoding="utf-8"?>
<CoverageSession xmlns:xsd="http://www.w3.org/2001/XMLSchema" xmlns:xsi="http://www.w3.org/2001/XMLSchema-instance">
  <Summary numSequencePoints="1216" visitedSequencePoints="515" numBranchPoints="410" visitedBranchPoints="144" sequenceCoverage="42.35" branchCoverage="35.12" maxCyclomaticComplexity="15" minCyclomaticComplexity="1" />
  <Modules>
    <Module skippedDueTo="Filter" hash="8E-E0-99-57-5F-F7-A4-02-65-0C-A5-EE-EE-E0-FE-C3-21-02-44-92">
      <FullName>C:\Windows\assembly\GAC_32\mscorlib\2.0.0.0__b77a5c561934e089\mscorlib.dll</FullName>
      <ModuleName>mscorlib</ModuleName>
      <Classes />
    </Module>
    <Module skippedDueTo="Filter" hash="F9-04-A8-31-CD-FB-23-72-95-63-5D-14-9A-A0-66-8E-7F-44-93-7A">
      <FullName>C:\Windows\assembly\GAC_32\mscorlib\2.0.0.0__b77a5c561934e089\sorttbls.nlp</FullName>
      <ModuleName>mscorlib</ModuleName>
      <Classes />
    </Module>
    <Module skippedDueTo="Filter" hash="6E-30-2E-50-36-FB-60-2C-8E-50-C0-83-54-8B-CC-EA-A8-91-B6-CC">
      <FullName>C:\Windows\assembly\GAC_32\mscorlib\2.0.0.0__b77a5c561934e089\sortkey.nlp</FullName>
      <ModuleName>mscorlib</ModuleName>
      <Classes />
    </Module>
    <Module skippedDueTo="Filter" hash="D9-51-D2-3D-8C-16-B3-35-50-E2-97-23-20-65-AF-AE-3E-3C-3D-FC">
      <FullName>C:\_SOURCECODE\DocMAH\Solutions\packages\NUnit.Runners.2.6.4\tools\nunit-console-x86.exe</FullName>
      <ModuleName>nunit-console-x86</ModuleName>
      <Classes />
    </Module>
    <Module skippedDueTo="Filter" hash="F2-ED-FF-09-01-C9-D7-BC-29-AC-A6-93-C5-97-8A-0D-43-DD-8D-F2">
      <FullName>C:\_SOURCECODE\DocMAH\Solutions\packages\NUnit.Runners.2.6.4\tools\lib\nunit-console-runner.dll</FullName>
      <ModuleName>nunit-console-runner</ModuleName>
      <Classes />
    </Module>
    <Module skippedDueTo="Filter" hash="36-B9-FF-C0-07-EA-59-4D-23-2E-FD-CD-5A-45-CF-C0-2C-42-2A-98">
      <FullName>C:\_SOURCECODE\DocMAH\Solutions\packages\NUnit.Runners.2.6.4\tools\lib\nunit.core.dll</FullName>
      <ModuleName>nunit.core</ModuleName>
      <Classes />
    </Module>
    <Module skippedDueTo="Filter" hash="14-C3-4B-3E-39-7A-EE-C0-B9-2F-83-44-2F-04-8A-F7-48-7B-67-DE">
      <FullName>C:\_SOURCECODE\DocMAH\Solutions\packages\NUnit.Runners.2.6.4\tools\lib\nunit.util.dll</FullName>
      <ModuleName>nunit.util</ModuleName>
      <Classes />
    </Module>
    <Module skippedDueTo="Filter" hash="5E-95-A6-AD-88-48-98-B1-62-7F-4E-5A-C1-0E-F3-B7-85-56-44-E8">
      <FullName>C:\_SOURCECODE\DocMAH\Solutions\packages\NUnit.Runners.2.6.4\tools\lib\nunit.core.interfaces.dll</FullName>
      <ModuleName>nunit.core.interfaces</ModuleName>
      <Classes />
    </Module>
    <Module skippedDueTo="Filter" hash="55-BA-A4-A1-F6-E9-77-45-55-59-ED-C2-F7-90-65-6A-E2-0A-F0-D1">
      <FullName>C:\Windows\assembly\GAC_MSIL\System.Configuration\2.0.0.0__b03f5f7f11d50a3a\System.Configuration.dll</FullName>
      <ModuleName>System.Configuration</ModuleName>
      <Classes />
    </Module>
    <Module skippedDueTo="Filter" hash="5B-58-14-72-A0-28-85-4B-B5-A1-BA-11-BB-9D-9D-05-65-A3-5E-54">
      <FullName>C:\Windows\assembly\GAC_MSIL\System\2.0.0.0__b77a5c561934e089\System.dll</FullName>
      <ModuleName>System</ModuleName>
      <Classes />
    </Module>
    <Module skippedDueTo="Filter" hash="06-27-0C-FC-C3-23-F5-AA-2C-D5-FE-4B-08-2E-CE-01-09-7B-2F-D1">
      <FullName>C:\Windows\assembly\GAC_MSIL\System.Xml\2.0.0.0__b77a5c561934e089\System.Xml.dll</FullName>
      <ModuleName>System.Xml</ModuleName>
      <Classes />
    </Module>
    <Module skippedDueTo="Filter" hash="CB-29-2C-91-2E-AE-28-D8-A5-84-C7-B9-DB-F2-0B-51-CC-CD-72-80">
      <FullName>C:\Windows\assembly\GAC_MSIL\System.Runtime.Remoting\2.0.0.0__b77a5c561934e089\System.Runtime.Remoting.dll</FullName>
      <ModuleName>System.Runtime.Remoting</ModuleName>
      <Classes />
    </Module>
    <Module skippedDueTo="Filter" hash="B5-D0-3C-D0-D3-0E-6D-9A-B0-27-ED-4B-C0-AC-D5-4F-18-84-56-AE">
      <FullName>C:\Windows\Microsoft.Net\assembly\GAC_32\mscorlib\v4.0_4.0.0.0__b77a5c561934e089\mscorlib.dll</FullName>
      <ModuleName>mscorlib</ModuleName>
      <Classes />
    </Module>
    <Module skippedDueTo="Filter" hash="29-BC-32-15-21-E8-F9-6D-87-31-AF-AD-0B-21-31-A6-BB-2F-E4-00">
      <FullName>C:\_SOURCECODE\DocMAH\Solutions\packages\NUnit.Runners.2.6.4\tools\nunit-agent-x86.exe</FullName>
      <ModuleName>nunit-agent-x86</ModuleName>
      <Classes />
    </Module>
    <Module skippedDueTo="Filter" hash="36-B9-FF-C0-07-EA-59-4D-23-2E-FD-CD-5A-45-CF-C0-2C-42-2A-98">
      <FullName>C:\_SOURCECODE\DocMAH\Solutions\packages\NUnit.Runners.2.6.4\tools\lib\nunit.core.dll</FullName>
      <ModuleName>nunit.core</ModuleName>
      <Classes />
    </Module>
    <Module skippedDueTo="Filter" hash="14-C3-4B-3E-39-7A-EE-C0-B9-2F-83-44-2F-04-8A-F7-48-7B-67-DE">
      <FullName>C:\_SOURCECODE\DocMAH\Solutions\packages\NUnit.Runners.2.6.4\tools\lib\nunit.util.dll</FullName>
      <ModuleName>nunit.util</ModuleName>
      <Classes />
    </Module>
    <Module skippedDueTo="Filter" hash="5E-95-A6-AD-88-48-98-B1-62-7F-4E-5A-C1-0E-F3-B7-85-56-44-E8">
      <FullName>C:\_SOURCECODE\DocMAH\Solutions\packages\NUnit.Runners.2.6.4\tools\lib\nunit.core.interfaces.dll</FullName>
      <ModuleName>nunit.core.interfaces</ModuleName>
      <Classes />
    </Module>
    <Module skippedDueTo="Filter" hash="04-DF-13-16-0B-F4-57-A9-D9-9C-5A-63-DC-51-CD-BF-FD-3A-AF-DA">
      <FullName>C:\Windows\Microsoft.Net\assembly\GAC_MSIL\System\v4.0_4.0.0.0__b77a5c561934e089\System.dll</FullName>
      <ModuleName>System</ModuleName>
      <Classes />
    </Module>
    <Module skippedDueTo="Filter" hash="ED-BE-5C-45-66-32-AB-2E-1E-B4-6F-0D-47-35-C3-3C-95-AA-09-B3">
      <FullName>C:\Windows\Microsoft.Net\assembly\GAC_MSIL\System.Runtime.Remoting\v4.0_4.0.0.0__b77a5c561934e089\System.Runtime.Remoting.dll</FullName>
      <ModuleName>System.Runtime.Remoting</ModuleName>
      <Classes />
    </Module>
    <Module skippedDueTo="Filter" hash="B6-60-CE-70-25-03-8E-12-F0-FF-EB-DA-C8-94-AA-A9-02-DE-71-07">
      <FullName>C:\Windows\Microsoft.Net\assembly\GAC_MSIL\System.Configuration\v4.0_4.0.0.0__b03f5f7f11d50a3a\System.Configuration.dll</FullName>
      <ModuleName>System.Configuration</ModuleName>
      <Classes />
    </Module>
    <Module skippedDueTo="Filter" hash="2C-B8-8B-0E-27-14-38-8E-71-A5-1D-A0-EE-33-D9-22-5F-A4-AF-79">
      <FullName>C:\Windows\Microsoft.Net\assembly\GAC_MSIL\System.Xml\v4.0_4.0.0.0__b77a5c561934e089\System.Xml.dll</FullName>
      <ModuleName>System.Xml</ModuleName>
      <Classes />
    </Module>
    <Module skippedDueTo="Filter" hash="95-50-78-76-0C-97-0A-A6-96-E2-68-E8-BD-4F-78-F1-1C-21-CA-10">
      <FullName>C:\Windows\Microsoft.Net\assembly\GAC_32\System.Web\v4.0_4.0.0.0__b03f5f7f11d50a3a\System.Web.dll</FullName>
      <ModuleName>System.Web</ModuleName>
      <Classes />
    </Module>
    <Module skippedDueTo="Filter" hash="58-D0-83-4C-D9-87-C1-8B-A0-90-0E-BD-10-53-C4-9D-F1-DD-FD-C4">
      <FullName>C:\Windows\assembly\GAC_32\System.Web\2.0.0.0__b03f5f7f11d50a3a\System.Web.dll</FullName>
      <ModuleName>System.Web</ModuleName>
      <Classes />
    </Module>
    <Module skippedDueTo="Filter" hash="36-B9-FF-C0-07-EA-59-4D-23-2E-FD-CD-5A-45-CF-C0-2C-42-2A-98">
      <FullName>C:\_SOURCECODE\DocMAH\Solutions\packages\NUnit.Runners.2.6.4\tools\lib\nunit.core.dll</FullName>
      <ModuleName>nunit.core</ModuleName>
      <Classes />
    </Module>
    <Module skippedDueTo="Filter" hash="04-DF-13-16-0B-F4-57-A9-D9-9C-5A-63-DC-51-CD-BF-FD-3A-AF-DA">
      <FullName>C:\Windows\Microsoft.Net\assembly\GAC_MSIL\System\v4.0_4.0.0.0__b77a5c561934e089\System.dll</FullName>
      <ModuleName>System</ModuleName>
      <Classes />
    </Module>
    <Module skippedDueTo="Filter" hash="53-25-23-C6-63-70-35-C6-0C-82-04-1A-0A-BF-1A-E7-1F-EA-74-A3">
      <FullName>C:\_SOURCECODE\DocMAH\Solutions\packages\NUnit.Runners.2.6.4\tools\pnunit.framework.dll</FullName>
      <ModuleName>pnunit.framework</ModuleName>
      <Classes />
    </Module>
    <Module skippedDueTo="Filter" hash="21-69-E9-47-C6-F8-02-12-31-E6-18-DE-8E-43-24-C9-AB-F7-C2-BE">
      <FullName>C:\_SOURCECODE\DocMAH\Solutions\packages\NUnit.Runners.2.6.4\tools\pnunit-agent.exe</FullName>
      <ModuleName>pnunit-agent</ModuleName>
      <Classes />
    </Module>
    <Module skippedDueTo="Filter" hash="5E-95-A6-AD-88-48-98-B1-62-7F-4E-5A-C1-0E-F3-B7-85-56-44-E8">
      <FullName>C:\_SOURCECODE\DocMAH\Solutions\packages\NUnit.Runners.2.6.4\tools\lib\nunit.core.interfaces.dll</FullName>
      <ModuleName>nunit.core.interfaces</ModuleName>
      <Classes />
    </Module>
    <Module skippedDueTo="Filter" hash="DF-D8-AE-49-78-64-08-9C-27-9E-34-39-13-8C-07-67-8C-F0-9E-09">
      <FullName>C:\_SOURCECODE\DocMAH\DocMAH.UnitTests\bin\Debug\DocMAH.UnitTests.dll</FullName>
      <ModuleName>DocMAH.UnitTests</ModuleName>
      <Classes />
    </Module>
    <Module skippedDueTo="Filter" hash="A2-D0-DB-C9-20-FB-37-90-D4-D6-25-E5-C4-7B-E0-42-CA-32-C0-51">
      <FullName>C:\_SOURCECODE\DocMAH\DocMAH.UnitTests\bin\Debug\nunit.framework.dll</FullName>
      <ModuleName>nunit.framework</ModuleName>
      <Classes />
    </Module>
    <Module skippedDueTo="Filter" hash="F2-ED-FF-09-01-C9-D7-BC-29-AC-A6-93-C5-97-8A-0D-43-DD-8D-F2">
      <FullName>C:\_SOURCECODE\DocMAH\Solutions\packages\NUnit.Runners.2.6.4\tools\lib\nunit-console-runner.dll</FullName>
      <ModuleName>nunit-console-runner</ModuleName>
      <Classes />
    </Module>
    <Module skippedDueTo="Filter" hash="ED-BE-5C-45-66-32-AB-2E-1E-B4-6F-0D-47-35-C3-3C-95-AA-09-B3">
      <FullName>C:\Windows\Microsoft.Net\assembly\GAC_MSIL\System.Runtime.Remoting\v4.0_4.0.0.0__b77a5c561934e089\System.Runtime.Remoting.dll</FullName>
      <ModuleName>System.Runtime.Remoting</ModuleName>
      <Classes />
    </Module>
    <Module skippedDueTo="Filter" hash="B6-60-CE-70-25-03-8E-12-F0-FF-EB-DA-C8-94-AA-A9-02-DE-71-07">
      <FullName>C:\Windows\Microsoft.Net\assembly\GAC_MSIL\System.Configuration\v4.0_4.0.0.0__b03f5f7f11d50a3a\System.Configuration.dll</FullName>
      <ModuleName>System.Configuration</ModuleName>
      <Classes />
    </Module>
    <Module skippedDueTo="Filter" hash="2C-B8-8B-0E-27-14-38-8E-71-A5-1D-A0-EE-33-D9-22-5F-A4-AF-79">
      <FullName>C:\Windows\Microsoft.Net\assembly\GAC_MSIL\System.Xml\v4.0_4.0.0.0__b77a5c561934e089\System.Xml.dll</FullName>
      <ModuleName>System.Xml</ModuleName>
      <Classes />
    </Module>
    <Module skippedDueTo="Filter" hash="78-CE-BF-55-E5-E2-5B-E9-E0-2D-DA-E4-FA-46-C1-AB-4C-55-49-AE">
      <FullName>C:\_SOURCECODE\DocMAH\DocMAH.UnitTests\bin\Debug\Moq.dll</FullName>
      <ModuleName>Moq</ModuleName>
      <Classes />
    </Module>
    <Module hash="E2-4E-77-A7-78-39-92-21-5C-F4-B3-37-3B-66-4D-BE-00-7C-8F-75">
      <Summary numSequencePoints="1216" visitedSequencePoints="515" numBranchPoints="410" visitedBranchPoints="144" sequenceCoverage="42.35" branchCoverage="35.12" maxCyclomaticComplexity="15" minCyclomaticComplexity="1" />
      <FullName>C:\_SOURCECODE\DocMAH\DocMAH.UnitTests\bin\Debug\DocMAH.dll</FullName>
      <ModuleName>DocMAH</ModuleName>
      <Files>
        <File uid="1" fullPath="c:\_SOURCECODE\DocMAH\DocMAH\Configuration\DocumentationElement.cs" />
        <File uid="2" fullPath="c:\_SOURCECODE\DocMAH\DocMAH\Configuration\EditHelpElement.cs" />
        <File uid="3" fullPath="c:\_SOURCECODE\DocMAH\DocMAH\Configuration\DocmahConfigurationSection.cs" />
        <File uid="4" fullPath="c:\_SOURCECODE\DocMAH\DocMAH\Data\DatabaseConfiguration.cs" />
        <File uid="5" fullPath="c:\_SOURCECODE\DocMAH\DocMAH\Data\DatabaseUpdater.cs" />
        <File uid="6" fullPath="c:\_SOURCECODE\DocMAH\DocMAH\Extensions\Int32Extensions.cs" />
        <File uid="7" fullPath="c:\_SOURCECODE\DocMAH\DocMAH\Extensions\ListExtensions.cs" />
        <File uid="8" fullPath="c:\_SOURCECODE\DocMAH\DocMAH\Extensions\StringExtensions.cs" />
        <File uid="9" fullPath="c:\_SOURCECODE\DocMAH\DocMAH\Properties\Resources.Designer.cs" />
        <File uid="10" fullPath="c:\_SOURCECODE\DocMAH\DocMAH\Web\HttpModule.cs" />
        <File uid="11" fullPath="c:\_SOURCECODE\DocMAH\DocMAH\Web\HttpResponseFilter.cs" />
        <File uid="12" fullPath="c:\_SOURCECODE\DocMAH\DocMAH\Web\HttpHandler.cs" />
        <File uid="13" fullPath="c:\_SOURCECODE\DocMAH\DocMAH\Access.cs" />
        <File uid="14" fullPath="c:\_SOURCECODE\DocMAH\DocMAH\Models\Page.cs" />
        <File uid="15" fullPath="c:\_SOURCECODE\DocMAH\DocMAH\Properties\ResourcesExtensions.cs" />
        <File uid="16" fullPath="c:\_SOURCECODE\DocMAH\DocMAH\Data\SqlDatabaseAccess.cs" />
        <File uid="21" fullPath="c:\_SOURCECODE\DocMAH\DocMAH\Web\RequestProcessor.cs" />
      </Files>
      <Classes>
        <Class>
          <Summary numSequencePoints="0" visitedSequencePoints="0" numBranchPoints="0" visitedBranchPoints="0" sequenceCoverage="0" branchCoverage="0" maxCyclomaticComplexity="0" minCyclomaticComplexity="0" />
          <FullName>&lt;Module&gt;</FullName>
          <Methods />
        </Class>
        <Class>
          <Summary numSequencePoints="0" visitedSequencePoints="0" numBranchPoints="0" visitedBranchPoints="0" sequenceCoverage="0" branchCoverage="0" maxCyclomaticComplexity="0" minCyclomaticComplexity="0" />
          <FullName>DocMAH.Configuration.CdnUrls</FullName>
          <Methods />
        </Class>
        <Class>
          <Summary numSequencePoints="0" visitedSequencePoints="0" numBranchPoints="0" visitedBranchPoints="0" sequenceCoverage="0" branchCoverage="0" maxCyclomaticComplexity="1" minCyclomaticComplexity="1" />
          <FullName>DocMAH.Configuration.Configurator</FullName>
          <Methods>
            <Method visited="true" cyclomaticComplexity="1" sequenceCoverage="0" branchCoverage="0" isConstructor="false" isStatic="true" isGetter="true" isSetter="false">
              <Summary numSequencePoints="0" visitedSequencePoints="0" numBranchPoints="0" visitedBranchPoints="0" sequenceCoverage="0" branchCoverage="0" maxCyclomaticComplexity="1" minCyclomaticComplexity="1" />
              <MetadataToken>100663297</MetadataToken>
              <Name>System.String DocMAH.Configuration.Configurator::get_ConnectionString()</Name>
              <SequencePoints />
              <BranchPoints />
              <MethodPoint vc="143" uspid="1" ordinal="0" offset="0" />
            </Method>
            <Method visited="false" cyclomaticComplexity="1" sequenceCoverage="0" branchCoverage="0" isConstructor="false" isStatic="true" isGetter="false" isSetter="true">
              <Summary numSequencePoints="0" visitedSequencePoints="0" numBranchPoints="0" visitedBranchPoints="0" sequenceCoverage="0" branchCoverage="0" maxCyclomaticComplexity="1" minCyclomaticComplexity="1" />
              <MetadataToken>100663298</MetadataToken>
              <Name>System.Void DocMAH.Configuration.Configurator::set_ConnectionString(System.String)</Name>
              <SequencePoints />
              <BranchPoints />
              <MethodPoint vc="0" uspid="2" ordinal="0" offset="0" />
            </Method>
            <Method visited="false" cyclomaticComplexity="1" sequenceCoverage="0" branchCoverage="0" isConstructor="true" isStatic="false" isGetter="false" isSetter="false">
              <Summary numSequencePoints="0" visitedSequencePoints="0" numBranchPoints="0" visitedBranchPoints="0" sequenceCoverage="0" branchCoverage="0" maxCyclomaticComplexity="1" minCyclomaticComplexity="1" />
              <MetadataToken>100663299</MetadataToken>
              <Name>System.Void DocMAH.Configuration.Configurator::.ctor()</Name>
              <SequencePoints />
              <BranchPoints />
              <MethodPoint vc="0" uspid="3" ordinal="0" offset="0" />
            </Method>
          </Methods>
        </Class>
        <Class>
          <Summary numSequencePoints="12" visitedSequencePoints="0" numBranchPoints="4" visitedBranchPoints="0" sequenceCoverage="0" branchCoverage="0" maxCyclomaticComplexity="1" minCyclomaticComplexity="1" />
          <FullName>DocMAH.Configuration.DocumentationElement</FullName>
          <Methods>
            <Method visited="false" cyclomaticComplexity="1" sequenceCoverage="0" branchCoverage="0" isConstructor="false" isStatic="false" isGetter="true" isSetter="false">
              <Summary numSequencePoints="3" visitedSequencePoints="0" numBranchPoints="1" visitedBranchPoints="0" sequenceCoverage="0" branchCoverage="0" maxCyclomaticComplexity="1" minCyclomaticComplexity="1" />
              <MetadataToken>100663300</MetadataToken>
              <Name>System.String DocMAH.Configuration.DocumentationElement::get_PageTitle()</Name>
              <FileRef uid="1" />
              <SequencePoints>
                <SequencePoint vc="0" uspid="4" ordinal="0" offset="0" sl="15" sc="8" el="15" ec="9" bec="0" bev="0" fileid="1" />
                <SequencePoint vc="0" uspid="5" ordinal="1" offset="1" sl="15" sc="10" el="15" ec="43" bec="0" bev="0" fileid="1" />
                <SequencePoint vc="0" uspid="6" ordinal="2" offset="20" sl="15" sc="44" el="15" ec="45" bec="0" bev="0" fileid="1" />
              </SequencePoints>
              <BranchPoints />
              <MethodPoint xsi:type="SequencePoint" vc="0" uspid="4" ordinal="0" offset="0" sl="15" sc="8" el="15" ec="9" bec="0" bev="0" fileid="1" />
            </Method>
            <Method visited="false" cyclomaticComplexity="1" sequenceCoverage="0" branchCoverage="0" isConstructor="false" isStatic="false" isGetter="false" isSetter="true">
              <Summary numSequencePoints="3" visitedSequencePoints="0" numBranchPoints="1" visitedBranchPoints="0" sequenceCoverage="0" branchCoverage="0" maxCyclomaticComplexity="1" minCyclomaticComplexity="1" />
              <MetadataToken>100663301</MetadataToken>
              <Name>System.Void DocMAH.Configuration.DocumentationElement::set_PageTitle(System.String)</Name>
              <FileRef uid="1" />
              <SequencePoints>
                <SequencePoint vc="0" uspid="7" ordinal="0" offset="0" sl="16" sc="8" el="16" ec="9" bec="0" bev="0" fileid="1" />
                <SequencePoint vc="0" uspid="8" ordinal="1" offset="1" sl="16" sc="10" el="16" ec="36" bec="0" bev="0" fileid="1" />
                <SequencePoint vc="0" uspid="9" ordinal="2" offset="14" sl="16" sc="37" el="16" ec="38" bec="0" bev="0" fileid="1" />
              </SequencePoints>
              <BranchPoints />
              <MethodPoint xsi:type="SequencePoint" vc="0" uspid="7" ordinal="0" offset="0" sl="16" sc="8" el="16" ec="9" bec="0" bev="0" fileid="1" />
            </Method>
            <Method visited="false" cyclomaticComplexity="1" sequenceCoverage="0" branchCoverage="0" isConstructor="false" isStatic="false" isGetter="true" isSetter="false">
              <Summary numSequencePoints="3" visitedSequencePoints="0" numBranchPoints="1" visitedBranchPoints="0" sequenceCoverage="0" branchCoverage="0" maxCyclomaticComplexity="1" minCyclomaticComplexity="1" />
              <MetadataToken>100663302</MetadataToken>
              <Name>System.String DocMAH.Configuration.DocumentationElement::get_CustomCss()</Name>
              <FileRef uid="1" />
              <SequencePoints>
                <SequencePoint vc="0" uspid="10" ordinal="0" offset="0" sl="22" sc="8" el="22" ec="9" bec="0" bev="0" fileid="1" />
                <SequencePoint vc="0" uspid="11" ordinal="1" offset="1" sl="22" sc="10" el="22" ec="43" bec="0" bev="0" fileid="1" />
                <SequencePoint vc="0" uspid="12" ordinal="2" offset="20" sl="22" sc="44" el="22" ec="45" bec="0" bev="0" fileid="1" />
              </SequencePoints>
              <BranchPoints />
              <MethodPoint xsi:type="SequencePoint" vc="0" uspid="10" ordinal="0" offset="0" sl="22" sc="8" el="22" ec="9" bec="0" bev="0" fileid="1" />
            </Method>
            <Method visited="false" cyclomaticComplexity="1" sequenceCoverage="0" branchCoverage="0" isConstructor="false" isStatic="false" isGetter="false" isSetter="true">
              <Summary numSequencePoints="3" visitedSequencePoints="0" numBranchPoints="1" visitedBranchPoints="0" sequenceCoverage="0" branchCoverage="0" maxCyclomaticComplexity="1" minCyclomaticComplexity="1" />
              <MetadataToken>100663303</MetadataToken>
              <Name>System.Void DocMAH.Configuration.DocumentationElement::set_CustomCss(System.String)</Name>
              <FileRef uid="1" />
              <SequencePoints>
                <SequencePoint vc="0" uspid="13" ordinal="0" offset="0" sl="23" sc="8" el="23" ec="9" bec="0" bev="0" fileid="1" />
                <SequencePoint vc="0" uspid="14" ordinal="1" offset="1" sl="23" sc="10" el="23" ec="36" bec="0" bev="0" fileid="1" />
                <SequencePoint vc="0" uspid="15" ordinal="2" offset="14" sl="23" sc="37" el="23" ec="38" bec="0" bev="0" fileid="1" />
              </SequencePoints>
              <BranchPoints />
              <MethodPoint xsi:type="SequencePoint" vc="0" uspid="13" ordinal="0" offset="0" sl="23" sc="8" el="23" ec="9" bec="0" bev="0" fileid="1" />
            </Method>
            <Method visited="true" cyclomaticComplexity="1" sequenceCoverage="0" branchCoverage="0" isConstructor="true" isStatic="false" isGetter="false" isSetter="false">
              <Summary numSequencePoints="0" visitedSequencePoints="0" numBranchPoints="0" visitedBranchPoints="0" sequenceCoverage="0" branchCoverage="0" maxCyclomaticComplexity="1" minCyclomaticComplexity="1" />
              <MetadataToken>100663304</MetadataToken>
              <Name>System.Void DocMAH.Configuration.DocumentationElement::.ctor()</Name>
              <SequencePoints />
              <BranchPoints />
              <MethodPoint vc="2" uspid="16" ordinal="0" offset="0" />
            </Method>
          </Methods>
        </Class>
        <Class>
          <Summary numSequencePoints="18" visitedSequencePoints="0" numBranchPoints="6" visitedBranchPoints="0" sequenceCoverage="0" branchCoverage="0" maxCyclomaticComplexity="1" minCyclomaticComplexity="1" />
          <FullName>DocMAH.Configuration.EditHelpElement</FullName>
          <Methods>
            <Method visited="false" cyclomaticComplexity="1" sequenceCoverage="0" branchCoverage="0" isConstructor="false" isStatic="false" isGetter="true" isSetter="false">
              <Summary numSequencePoints="3" visitedSequencePoints="0" numBranchPoints="1" visitedBranchPoints="0" sequenceCoverage="0" branchCoverage="0" maxCyclomaticComplexity="1" minCyclomaticComplexity="1" />
              <MetadataToken>100663305</MetadataToken>
              <Name>System.Boolean DocMAH.Configuration.EditHelpElement::get_RequireAuthentication()</Name>
              <FileRef uid="2" />
              <SequencePoints>
                <SequencePoint vc="0" uspid="17" ordinal="0" offset="0" sl="15" sc="8" el="15" ec="9" bec="0" bev="0" fileid="2" />
                <SequencePoint vc="0" uspid="18" ordinal="1" offset="1" sl="15" sc="10" el="15" ec="53" bec="0" bev="0" fileid="2" />
                <SequencePoint vc="0" uspid="19" ordinal="2" offset="20" sl="15" sc="54" el="15" ec="55" bec="0" bev="0" fileid="2" />
              </SequencePoints>
              <BranchPoints />
              <MethodPoint xsi:type="SequencePoint" vc="0" uspid="17" ordinal="0" offset="0" sl="15" sc="8" el="15" ec="9" bec="0" bev="0" fileid="2" />
            </Method>
            <Method visited="false" cyclomaticComplexity="1" sequenceCoverage="0" branchCoverage="0" isConstructor="false" isStatic="false" isGetter="false" isSetter="true">
              <Summary numSequencePoints="3" visitedSequencePoints="0" numBranchPoints="1" visitedBranchPoints="0" sequenceCoverage="0" branchCoverage="0" maxCyclomaticComplexity="1" minCyclomaticComplexity="1" />
              <MetadataToken>100663306</MetadataToken>
              <Name>System.Void DocMAH.Configuration.EditHelpElement::set_RequireAuthentication(System.Boolean)</Name>
              <FileRef uid="2" />
              <SequencePoints>
                <SequencePoint vc="0" uspid="20" ordinal="0" offset="0" sl="16" sc="8" el="16" ec="9" bec="0" bev="0" fileid="2" />
                <SequencePoint vc="0" uspid="21" ordinal="1" offset="1" sl="16" sc="10" el="16" ec="48" bec="0" bev="0" fileid="2" />
                <SequencePoint vc="0" uspid="22" ordinal="2" offset="19" sl="16" sc="49" el="16" ec="50" bec="0" bev="0" fileid="2" />
              </SequencePoints>
              <BranchPoints />
              <MethodPoint xsi:type="SequencePoint" vc="0" uspid="20" ordinal="0" offset="0" sl="16" sc="8" el="16" ec="9" bec="0" bev="0" fileid="2" />
            </Method>
            <Method visited="false" cyclomaticComplexity="1" sequenceCoverage="0" branchCoverage="0" isConstructor="false" isStatic="false" isGetter="true" isSetter="false">
              <Summary numSequencePoints="3" visitedSequencePoints="0" numBranchPoints="1" visitedBranchPoints="0" sequenceCoverage="0" branchCoverage="0" maxCyclomaticComplexity="1" minCyclomaticComplexity="1" />
              <MetadataToken>100663307</MetadataToken>
              <Name>System.Boolean DocMAH.Configuration.EditHelpElement::get_RequireLocalConnection()</Name>
              <FileRef uid="2" />
              <SequencePoints>
                <SequencePoint vc="0" uspid="23" ordinal="0" offset="0" sl="22" sc="8" el="22" ec="9" bec="0" bev="0" fileid="2" />
                <SequencePoint vc="0" uspid="24" ordinal="1" offset="1" sl="22" sc="10" el="22" ec="54" bec="0" bev="0" fileid="2" />
                <SequencePoint vc="0" uspid="25" ordinal="2" offset="20" sl="22" sc="55" el="22" ec="56" bec="0" bev="0" fileid="2" />
              </SequencePoints>
              <BranchPoints />
              <MethodPoint xsi:type="SequencePoint" vc="0" uspid="23" ordinal="0" offset="0" sl="22" sc="8" el="22" ec="9" bec="0" bev="0" fileid="2" />
            </Method>
            <Method visited="false" cyclomaticComplexity="1" sequenceCoverage="0" branchCoverage="0" isConstructor="false" isStatic="false" isGetter="false" isSetter="true">
              <Summary numSequencePoints="3" visitedSequencePoints="0" numBranchPoints="1" visitedBranchPoints="0" sequenceCoverage="0" branchCoverage="0" maxCyclomaticComplexity="1" minCyclomaticComplexity="1" />
              <MetadataToken>100663308</MetadataToken>
              <Name>System.Void DocMAH.Configuration.EditHelpElement::set_RequireLocalConnection(System.Boolean)</Name>
              <FileRef uid="2" />
              <SequencePoints>
                <SequencePoint vc="0" uspid="26" ordinal="0" offset="0" sl="23" sc="8" el="23" ec="9" bec="0" bev="0" fileid="2" />
                <SequencePoint vc="0" uspid="27" ordinal="1" offset="1" sl="23" sc="10" el="23" ec="49" bec="0" bev="0" fileid="2" />
                <SequencePoint vc="0" uspid="28" ordinal="2" offset="19" sl="23" sc="50" el="23" ec="51" bec="0" bev="0" fileid="2" />
              </SequencePoints>
              <BranchPoints />
              <MethodPoint xsi:type="SequencePoint" vc="0" uspid="26" ordinal="0" offset="0" sl="23" sc="8" el="23" ec="9" bec="0" bev="0" fileid="2" />
            </Method>
            <Method visited="false" cyclomaticComplexity="1" sequenceCoverage="0" branchCoverage="0" isConstructor="false" isStatic="false" isGetter="true" isSetter="false">
              <Summary numSequencePoints="3" visitedSequencePoints="0" numBranchPoints="1" visitedBranchPoints="0" sequenceCoverage="0" branchCoverage="0" maxCyclomaticComplexity="1" minCyclomaticComplexity="1" />
              <MetadataToken>100663309</MetadataToken>
              <Name>System.Boolean DocMAH.Configuration.EditHelpElement::get_IsDisabled()</Name>
              <FileRef uid="2" />
              <SequencePoints>
                <SequencePoint vc="0" uspid="29" ordinal="0" offset="0" sl="29" sc="8" el="29" ec="9" bec="0" bev="0" fileid="2" />
                <SequencePoint vc="0" uspid="30" ordinal="1" offset="1" sl="29" sc="10" el="29" ec="40" bec="0" bev="0" fileid="2" />
                <SequencePoint vc="0" uspid="31" ordinal="2" offset="20" sl="29" sc="41" el="29" ec="42" bec="0" bev="0" fileid="2" />
              </SequencePoints>
              <BranchPoints />
              <MethodPoint xsi:type="SequencePoint" vc="0" uspid="29" ordinal="0" offset="0" sl="29" sc="8" el="29" ec="9" bec="0" bev="0" fileid="2" />
            </Method>
            <Method visited="false" cyclomaticComplexity="1" sequenceCoverage="0" branchCoverage="0" isConstructor="false" isStatic="false" isGetter="false" isSetter="true">
              <Summary numSequencePoints="3" visitedSequencePoints="0" numBranchPoints="1" visitedBranchPoints="0" sequenceCoverage="0" branchCoverage="0" maxCyclomaticComplexity="1" minCyclomaticComplexity="1" />
              <MetadataToken>100663310</MetadataToken>
              <Name>System.Void DocMAH.Configuration.EditHelpElement::set_IsDisabled(System.Boolean)</Name>
              <FileRef uid="2" />
              <SequencePoints>
                <SequencePoint vc="0" uspid="32" ordinal="0" offset="0" sl="30" sc="8" el="30" ec="9" bec="0" bev="0" fileid="2" />
                <SequencePoint vc="0" uspid="33" ordinal="1" offset="1" sl="30" sc="10" el="30" ec="35" bec="0" bev="0" fileid="2" />
                <SequencePoint vc="0" uspid="34" ordinal="2" offset="19" sl="30" sc="36" el="30" ec="37" bec="0" bev="0" fileid="2" />
              </SequencePoints>
              <BranchPoints />
              <MethodPoint xsi:type="SequencePoint" vc="0" uspid="32" ordinal="0" offset="0" sl="30" sc="8" el="30" ec="9" bec="0" bev="0" fileid="2" />
            </Method>
            <Method visited="true" cyclomaticComplexity="1" sequenceCoverage="0" branchCoverage="0" isConstructor="true" isStatic="false" isGetter="false" isSetter="false">
              <Summary numSequencePoints="0" visitedSequencePoints="0" numBranchPoints="0" visitedBranchPoints="0" sequenceCoverage="0" branchCoverage="0" maxCyclomaticComplexity="1" minCyclomaticComplexity="1" />
              <MetadataToken>100663311</MetadataToken>
              <Name>System.Void DocMAH.Configuration.EditHelpElement::.ctor()</Name>
              <SequencePoints />
              <BranchPoints />
              <MethodPoint vc="2" uspid="35" ordinal="0" offset="0" />
            </Method>
          </Methods>
        </Class>
        <Class>
          <Summary numSequencePoints="33" visitedSequencePoints="12" numBranchPoints="11" visitedBranchPoints="4" sequenceCoverage="36.36" branchCoverage="36.36" maxCyclomaticComplexity="1" minCyclomaticComplexity="1" />
          <FullName>DocMAH.Configuration.DocmahConfigurationSection</FullName>
          <Methods>
            <Method visited="true" cyclomaticComplexity="1" sequenceCoverage="100" branchCoverage="100" isConstructor="false" isStatic="true" isGetter="true" isSetter="false">
              <Summary numSequencePoints="3" visitedSequencePoints="3" numBranchPoints="1" visitedBranchPoints="1" sequenceCoverage="100" branchCoverage="100" maxCyclomaticComplexity="1" minCyclomaticComplexity="1" />
              <MetadataToken>100663312</MetadataToken>
              <Name>DocMAH.Configuration.DocmahConfigurationSection DocMAH.Configuration.DocmahConfigurationSection::get_Current()</Name>
              <FileRef uid="3" />
              <SequencePoints>
                <SequencePoint vc="143" uspid="36" ordinal="0" offset="0" sl="17" sc="4" el="17" ec="5" bec="0" bev="0" fileid="3" />
                <SequencePoint vc="143" uspid="37" ordinal="1" offset="1" sl="18" sc="5" el="18" ec="82" bec="0" bev="0" fileid="3" />
                <SequencePoint vc="143" uspid="38" ordinal="2" offset="19" sl="19" sc="4" el="19" ec="5" bec="0" bev="0" fileid="3" />
              </SequencePoints>
              <BranchPoints />
              <MethodPoint xsi:type="SequencePoint" vc="143" uspid="36" ordinal="0" offset="0" sl="17" sc="4" el="17" ec="5" bec="0" bev="0" fileid="3" />
            </Method>
            <Method visited="true" cyclomaticComplexity="1" sequenceCoverage="100" branchCoverage="100" isConstructor="false" isStatic="false" isGetter="true" isSetter="false">
              <Summary numSequencePoints="3" visitedSequencePoints="3" numBranchPoints="1" visitedBranchPoints="1" sequenceCoverage="100" branchCoverage="100" maxCyclomaticComplexity="1" minCyclomaticComplexity="1" />
              <MetadataToken>100663313</MetadataToken>
              <Name>System.String DocMAH.Configuration.DocmahConfigurationSection::get_ConnectionStringName()</Name>
              <FileRef uid="3" />
              <SequencePoints>
                <SequencePoint vc="143" uspid="39" ordinal="0" offset="0" sl="25" sc="8" el="25" ec="9" bec="0" bev="0" fileid="3" />
                <SequencePoint vc="143" uspid="40" ordinal="1" offset="1" sl="25" sc="10" el="25" ec="54" bec="0" bev="0" fileid="3" />
                <SequencePoint vc="143" uspid="41" ordinal="2" offset="20" sl="25" sc="55" el="25" ec="56" bec="0" bev="0" fileid="3" />
              </SequencePoints>
              <BranchPoints />
              <MethodPoint xsi:type="SequencePoint" vc="143" uspid="39" ordinal="0" offset="0" sl="25" sc="8" el="25" ec="9" bec="0" bev="0" fileid="3" />
            </Method>
            <Method visited="false" cyclomaticComplexity="1" sequenceCoverage="0" branchCoverage="0" isConstructor="false" isStatic="false" isGetter="false" isSetter="true">
              <Summary numSequencePoints="3" visitedSequencePoints="0" numBranchPoints="1" visitedBranchPoints="0" sequenceCoverage="0" branchCoverage="0" maxCyclomaticComplexity="1" minCyclomaticComplexity="1" />
              <MetadataToken>100663314</MetadataToken>
              <Name>System.Void DocMAH.Configuration.DocmahConfigurationSection::set_ConnectionStringName(System.String)</Name>
              <FileRef uid="3" />
              <SequencePoints>
                <SequencePoint vc="0" uspid="42" ordinal="0" offset="0" sl="26" sc="8" el="26" ec="9" bec="0" bev="0" fileid="3" />
                <SequencePoint vc="0" uspid="43" ordinal="1" offset="1" sl="26" sc="10" el="26" ec="47" bec="0" bev="0" fileid="3" />
                <SequencePoint vc="0" uspid="44" ordinal="2" offset="14" sl="26" sc="48" el="26" ec="49" bec="0" bev="0" fileid="3" />
              </SequencePoints>
              <BranchPoints />
              <MethodPoint xsi:type="SequencePoint" vc="0" uspid="42" ordinal="0" offset="0" sl="26" sc="8" el="26" ec="9" bec="0" bev="0" fileid="3" />
            </Method>
            <Method visited="false" cyclomaticComplexity="1" sequenceCoverage="0" branchCoverage="0" isConstructor="false" isStatic="false" isGetter="true" isSetter="false">
              <Summary numSequencePoints="3" visitedSequencePoints="0" numBranchPoints="1" visitedBranchPoints="0" sequenceCoverage="0" branchCoverage="0" maxCyclomaticComplexity="1" minCyclomaticComplexity="1" />
              <MetadataToken>100663315</MetadataToken>
              <Name>System.String DocMAH.Configuration.DocmahConfigurationSection::get_JsUrl()</Name>
              <FileRef uid="3" />
              <SequencePoints>
                <SequencePoint vc="0" uspid="45" ordinal="0" offset="0" sl="32" sc="8" el="32" ec="9" bec="0" bev="0" fileid="3" />
                <SequencePoint vc="0" uspid="46" ordinal="1" offset="1" sl="32" sc="10" el="32" ec="39" bec="0" bev="0" fileid="3" />
                <SequencePoint vc="0" uspid="47" ordinal="2" offset="20" sl="32" sc="40" el="32" ec="41" bec="0" bev="0" fileid="3" />
              </SequencePoints>
              <BranchPoints />
              <MethodPoint xsi:type="SequencePoint" vc="0" uspid="45" ordinal="0" offset="0" sl="32" sc="8" el="32" ec="9" bec="0" bev="0" fileid="3" />
            </Method>
            <Method visited="false" cyclomaticComplexity="1" sequenceCoverage="0" branchCoverage="0" isConstructor="false" isStatic="false" isGetter="false" isSetter="true">
              <Summary numSequencePoints="3" visitedSequencePoints="0" numBranchPoints="1" visitedBranchPoints="0" sequenceCoverage="0" branchCoverage="0" maxCyclomaticComplexity="1" minCyclomaticComplexity="1" />
              <MetadataToken>100663316</MetadataToken>
              <Name>System.Void DocMAH.Configuration.DocmahConfigurationSection::set_JsUrl(System.String)</Name>
              <FileRef uid="3" />
              <SequencePoints>
                <SequencePoint vc="0" uspid="48" ordinal="0" offset="0" sl="33" sc="8" el="33" ec="9" bec="0" bev="0" fileid="3" />
                <SequencePoint vc="0" uspid="49" ordinal="1" offset="1" sl="33" sc="10" el="33" ec="32" bec="0" bev="0" fileid="3" />
                <SequencePoint vc="0" uspid="50" ordinal="2" offset="14" sl="33" sc="33" el="33" ec="34" bec="0" bev="0" fileid="3" />
              </SequencePoints>
              <BranchPoints />
              <MethodPoint xsi:type="SequencePoint" vc="0" uspid="48" ordinal="0" offset="0" sl="33" sc="8" el="33" ec="9" bec="0" bev="0" fileid="3" />
            </Method>
            <Method visited="false" cyclomaticComplexity="1" sequenceCoverage="0" branchCoverage="0" isConstructor="false" isStatic="false" isGetter="true" isSetter="false">
              <Summary numSequencePoints="3" visitedSequencePoints="0" numBranchPoints="1" visitedBranchPoints="0" sequenceCoverage="0" branchCoverage="0" maxCyclomaticComplexity="1" minCyclomaticComplexity="1" />
              <MetadataToken>100663317</MetadataToken>
              <Name>System.String DocMAH.Configuration.DocmahConfigurationSection::get_CssUrl()</Name>
              <FileRef uid="3" />
              <SequencePoints>
                <SequencePoint vc="0" uspid="51" ordinal="0" offset="0" sl="39" sc="8" el="39" ec="9" bec="0" bev="0" fileid="3" />
                <SequencePoint vc="0" uspid="52" ordinal="1" offset="1" sl="39" sc="10" el="39" ec="40" bec="0" bev="0" fileid="3" />
                <SequencePoint vc="0" uspid="53" ordinal="2" offset="20" sl="39" sc="41" el="39" ec="42" bec="0" bev="0" fileid="3" />
              </SequencePoints>
              <BranchPoints />
              <MethodPoint xsi:type="SequencePoint" vc="0" uspid="51" ordinal="0" offset="0" sl="39" sc="8" el="39" ec="9" bec="0" bev="0" fileid="3" />
            </Method>
            <Method visited="false" cyclomaticComplexity="1" sequenceCoverage="0" branchCoverage="0" isConstructor="false" isStatic="false" isGetter="false" isSetter="true">
              <Summary numSequencePoints="3" visitedSequencePoints="0" numBranchPoints="1" visitedBranchPoints="0" sequenceCoverage="0" branchCoverage="0" maxCyclomaticComplexity="1" minCyclomaticComplexity="1" />
              <MetadataToken>100663318</MetadataToken>
              <Name>System.Void DocMAH.Configuration.DocmahConfigurationSection::set_CssUrl(System.String)</Name>
              <FileRef uid="3" />
              <SequencePoints>
                <SequencePoint vc="0" uspid="54" ordinal="0" offset="0" sl="40" sc="8" el="40" ec="9" bec="0" bev="0" fileid="3" />
                <SequencePoint vc="0" uspid="55" ordinal="1" offset="1" sl="40" sc="10" el="40" ec="33" bec="0" bev="0" fileid="3" />
                <SequencePoint vc="0" uspid="56" ordinal="2" offset="14" sl="40" sc="34" el="40" ec="35" bec="0" bev="0" fileid="3" />
              </SequencePoints>
              <BranchPoints />
              <MethodPoint xsi:type="SequencePoint" vc="0" uspid="54" ordinal="0" offset="0" sl="40" sc="8" el="40" ec="9" bec="0" bev="0" fileid="3" />
            </Method>
            <Method visited="true" cyclomaticComplexity="1" sequenceCoverage="100" branchCoverage="100" isConstructor="false" isStatic="false" isGetter="true" isSetter="false">
              <Summary numSequencePoints="3" visitedSequencePoints="3" numBranchPoints="1" visitedBranchPoints="1" sequenceCoverage="100" branchCoverage="100" maxCyclomaticComplexity="1" minCyclomaticComplexity="1" />
              <MetadataToken>100663319</MetadataToken>
              <Name>DocMAH.Configuration.DocumentationElement DocMAH.Configuration.DocmahConfigurationSection::get_Documentation()</Name>
              <FileRef uid="3" />
              <SequencePoints>
                <SequencePoint vc="1" uspid="57" ordinal="0" offset="0" sl="46" sc="8" el="46" ec="9" bec="0" bev="0" fileid="3" />
                <SequencePoint vc="1" uspid="58" ordinal="1" offset="1" sl="46" sc="10" el="46" ec="61" bec="0" bev="0" fileid="3" />
                <SequencePoint vc="1" uspid="59" ordinal="2" offset="20" sl="46" sc="62" el="46" ec="63" bec="0" bev="0" fileid="3" />
              </SequencePoints>
              <BranchPoints />
              <MethodPoint xsi:type="SequencePoint" vc="1" uspid="57" ordinal="0" offset="0" sl="46" sc="8" el="46" ec="9" bec="0" bev="0" fileid="3" />
            </Method>
            <Method visited="false" cyclomaticComplexity="1" sequenceCoverage="0" branchCoverage="0" isConstructor="false" isStatic="false" isGetter="false" isSetter="true">
              <Summary numSequencePoints="3" visitedSequencePoints="0" numBranchPoints="1" visitedBranchPoints="0" sequenceCoverage="0" branchCoverage="0" maxCyclomaticComplexity="1" minCyclomaticComplexity="1" />
              <MetadataToken>100663320</MetadataToken>
              <Name>System.Void DocMAH.Configuration.DocmahConfigurationSection::set_Documentation(DocMAH.Configuration.DocumentationElement)</Name>
              <FileRef uid="3" />
              <SequencePoints>
                <SequencePoint vc="0" uspid="60" ordinal="0" offset="0" sl="47" sc="8" el="47" ec="9" bec="0" bev="0" fileid="3" />
                <SequencePoint vc="0" uspid="61" ordinal="1" offset="1" sl="47" sc="10" el="47" ec="40" bec="0" bev="0" fileid="3" />
                <SequencePoint vc="0" uspid="62" ordinal="2" offset="14" sl="47" sc="41" el="47" ec="42" bec="0" bev="0" fileid="3" />
              </SequencePoints>
              <BranchPoints />
              <MethodPoint xsi:type="SequencePoint" vc="0" uspid="60" ordinal="0" offset="0" sl="47" sc="8" el="47" ec="9" bec="0" bev="0" fileid="3" />
            </Method>
            <Method visited="true" cyclomaticComplexity="1" sequenceCoverage="100" branchCoverage="100" isConstructor="false" isStatic="false" isGetter="true" isSetter="false">
              <Summary numSequencePoints="3" visitedSequencePoints="3" numBranchPoints="1" visitedBranchPoints="1" sequenceCoverage="100" branchCoverage="100" maxCyclomaticComplexity="1" minCyclomaticComplexity="1" />
              <MetadataToken>100663321</MetadataToken>
              <Name>DocMAH.Configuration.EditHelpElement DocMAH.Configuration.DocmahConfigurationSection::get_EditHelp()</Name>
              <FileRef uid="3" />
              <SequencePoints>
                <SequencePoint vc="1" uspid="63" ordinal="0" offset="0" sl="53" sc="8" el="53" ec="9" bec="0" bev="0" fileid="3" />
                <SequencePoint vc="1" uspid="64" ordinal="1" offset="1" sl="53" sc="10" el="53" ec="51" bec="0" bev="0" fileid="3" />
                <SequencePoint vc="1" uspid="65" ordinal="2" offset="20" sl="53" sc="52" el="53" ec="53" bec="0" bev="0" fileid="3" />
              </SequencePoints>
              <BranchPoints />
              <MethodPoint xsi:type="SequencePoint" vc="1" uspid="63" ordinal="0" offset="0" sl="53" sc="8" el="53" ec="9" bec="0" bev="0" fileid="3" />
            </Method>
            <Method visited="false" cyclomaticComplexity="1" sequenceCoverage="0" branchCoverage="0" isConstructor="false" isStatic="false" isGetter="false" isSetter="true">
              <Summary numSequencePoints="3" visitedSequencePoints="0" numBranchPoints="1" visitedBranchPoints="0" sequenceCoverage="0" branchCoverage="0" maxCyclomaticComplexity="1" minCyclomaticComplexity="1" />
              <MetadataToken>100663322</MetadataToken>
              <Name>System.Void DocMAH.Configuration.DocmahConfigurationSection::set_EditHelp(DocMAH.Configuration.EditHelpElement)</Name>
              <FileRef uid="3" />
              <SequencePoints>
                <SequencePoint vc="0" uspid="66" ordinal="0" offset="0" sl="54" sc="8" el="54" ec="9" bec="0" bev="0" fileid="3" />
                <SequencePoint vc="0" uspid="67" ordinal="1" offset="1" sl="54" sc="10" el="54" ec="35" bec="0" bev="0" fileid="3" />
                <SequencePoint vc="0" uspid="68" ordinal="2" offset="14" sl="54" sc="36" el="54" ec="37" bec="0" bev="0" fileid="3" />
              </SequencePoints>
              <BranchPoints />
              <MethodPoint xsi:type="SequencePoint" vc="0" uspid="66" ordinal="0" offset="0" sl="54" sc="8" el="54" ec="9" bec="0" bev="0" fileid="3" />
            </Method>
            <Method visited="true" cyclomaticComplexity="1" sequenceCoverage="0" branchCoverage="0" isConstructor="true" isStatic="false" isGetter="false" isSetter="false">
              <Summary numSequencePoints="0" visitedSequencePoints="0" numBranchPoints="0" visitedBranchPoints="0" sequenceCoverage="0" branchCoverage="0" maxCyclomaticComplexity="1" minCyclomaticComplexity="1" />
              <MetadataToken>100663323</MetadataToken>
              <Name>System.Void DocMAH.Configuration.DocmahConfigurationSection::.ctor()</Name>
              <SequencePoints />
              <BranchPoints />
              <MethodPoint vc="2" uspid="69" ordinal="0" offset="0" />
            </Method>
          </Methods>
        </Class>
        <Class>
          <Summary numSequencePoints="19" visitedSequencePoints="19" numBranchPoints="6" visitedBranchPoints="6" sequenceCoverage="100" branchCoverage="100" maxCyclomaticComplexity="1" minCyclomaticComplexity="1" />
          <FullName>DocMAH.Data.DatabaseConfiguration</FullName>
          <Methods>
            <Method visited="true" cyclomaticComplexity="1" sequenceCoverage="100" branchCoverage="100" isConstructor="false" isStatic="false" isGetter="true" isSetter="false">
              <Summary numSequencePoints="3" visitedSequencePoints="3" numBranchPoints="1" visitedBranchPoints="1" sequenceCoverage="100" branchCoverage="100" maxCyclomaticComplexity="1" minCyclomaticComplexity="1" />
              <MetadataToken>100663330</MetadataToken>
              <Name>System.Int32 DocMAH.Data.DatabaseConfiguration::get_DatabaseHelpVersion()</Name>
              <FileRef uid="4" />
              <SequencePoints>
                <SequencePoint vc="1" uspid="70" ordinal="0" offset="0" sl="43" sc="8" el="43" ec="9" bec="0" bev="0" fileid="4" />
                <SequencePoint vc="1" uspid="71" ordinal="1" offset="1" sl="43" sc="10" el="43" ec="76" bec="0" bev="0" fileid="4" />
                <SequencePoint vc="1" uspid="72" ordinal="2" offset="20" sl="43" sc="77" el="43" ec="78" bec="0" bev="0" fileid="4" />
              </SequencePoints>
              <BranchPoints />
              <MethodPoint xsi:type="SequencePoint" vc="1" uspid="70" ordinal="0" offset="0" sl="43" sc="8" el="43" ec="9" bec="0" bev="0" fileid="4" />
            </Method>
            <Method visited="true" cyclomaticComplexity="1" sequenceCoverage="100" branchCoverage="100" isConstructor="false" isStatic="false" isGetter="false" isSetter="true">
              <Summary numSequencePoints="3" visitedSequencePoints="3" numBranchPoints="1" visitedBranchPoints="1" sequenceCoverage="100" branchCoverage="100" maxCyclomaticComplexity="1" minCyclomaticComplexity="1" />
              <MetadataToken>100663331</MetadataToken>
              <Name>System.Void DocMAH.Data.DatabaseConfiguration::set_DatabaseHelpVersion(System.Int32)</Name>
              <FileRef uid="4" />
              <SequencePoints>
                <SequencePoint vc="1" uspid="73" ordinal="0" offset="0" sl="44" sc="8" el="44" ec="9" bec="0" bev="0" fileid="4" />
                <SequencePoint vc="1" uspid="74" ordinal="1" offset="1" sl="44" sc="10" el="44" ec="78" bec="0" bev="0" fileid="4" />
                <SequencePoint vc="1" uspid="75" ordinal="2" offset="19" sl="44" sc="79" el="44" ec="80" bec="0" bev="0" fileid="4" />
              </SequencePoints>
              <BranchPoints />
              <MethodPoint xsi:type="SequencePoint" vc="1" uspid="73" ordinal="0" offset="0" sl="44" sc="8" el="44" ec="9" bec="0" bev="0" fileid="4" />
            </Method>
            <Method visited="true" cyclomaticComplexity="1" sequenceCoverage="100" branchCoverage="100" isConstructor="false" isStatic="false" isGetter="true" isSetter="false">
              <Summary numSequencePoints="3" visitedSequencePoints="3" numBranchPoints="1" visitedBranchPoints="1" sequenceCoverage="100" branchCoverage="100" maxCyclomaticComplexity="1" minCyclomaticComplexity="1" />
              <MetadataToken>100663332</MetadataToken>
              <Name>System.Int32 DocMAH.Data.DatabaseConfiguration::get_DatabaseSchemaVersion()</Name>
              <FileRef uid="4" />
              <SequencePoints>
                <SequencePoint vc="2" uspid="76" ordinal="0" offset="0" sl="49" sc="8" el="49" ec="9" bec="0" bev="0" fileid="4" />
                <SequencePoint vc="2" uspid="77" ordinal="1" offset="1" sl="49" sc="10" el="49" ec="78" bec="0" bev="0" fileid="4" />
                <SequencePoint vc="2" uspid="78" ordinal="2" offset="20" sl="49" sc="79" el="49" ec="80" bec="0" bev="0" fileid="4" />
              </SequencePoints>
              <BranchPoints />
              <MethodPoint xsi:type="SequencePoint" vc="2" uspid="76" ordinal="0" offset="0" sl="49" sc="8" el="49" ec="9" bec="0" bev="0" fileid="4" />
            </Method>
            <Method visited="true" cyclomaticComplexity="1" sequenceCoverage="100" branchCoverage="100" isConstructor="false" isStatic="false" isGetter="false" isSetter="true">
              <Summary numSequencePoints="3" visitedSequencePoints="3" numBranchPoints="1" visitedBranchPoints="1" sequenceCoverage="100" branchCoverage="100" maxCyclomaticComplexity="1" minCyclomaticComplexity="1" />
              <MetadataToken>100663333</MetadataToken>
              <Name>System.Void DocMAH.Data.DatabaseConfiguration::set_DatabaseSchemaVersion(System.Int32)</Name>
              <FileRef uid="4" />
              <SequencePoints>
                <SequencePoint vc="1" uspid="79" ordinal="0" offset="0" sl="50" sc="8" el="50" ec="9" bec="0" bev="0" fileid="4" />
                <SequencePoint vc="1" uspid="80" ordinal="1" offset="1" sl="50" sc="10" el="50" ec="80" bec="0" bev="0" fileid="4" />
                <SequencePoint vc="1" uspid="81" ordinal="2" offset="19" sl="50" sc="81" el="50" ec="82" bec="0" bev="0" fileid="4" />
              </SequencePoints>
              <BranchPoints />
              <MethodPoint xsi:type="SequencePoint" vc="1" uspid="79" ordinal="0" offset="0" sl="50" sc="8" el="50" ec="9" bec="0" bev="0" fileid="4" />
            </Method>
            <Method visited="true" cyclomaticComplexity="1" sequenceCoverage="100" branchCoverage="100" isConstructor="true" isStatic="false" isGetter="false" isSetter="false">
              <Summary numSequencePoints="3" visitedSequencePoints="3" numBranchPoints="1" visitedBranchPoints="1" sequenceCoverage="100" branchCoverage="100" maxCyclomaticComplexity="1" minCyclomaticComplexity="1" />
              <MetadataToken>100663328</MetadataToken>
              <Name>System.Void DocMAH.Data.DatabaseConfiguration::.ctor()</Name>
              <FileRef uid="4" />
              <SequencePoints>
                <SequencePoint vc="1" uspid="82" ordinal="0" offset="0" sl="13" sc="3" el="14" ec="35" bec="0" bev="0" fileid="4" />
                <SequencePoint vc="1" uspid="83" ordinal="1" offset="12" sl="15" sc="3" el="15" ec="4" bec="0" bev="0" fileid="4" />
                <SequencePoint vc="1" uspid="84" ordinal="2" offset="13" sl="17" sc="3" el="17" ec="4" bec="0" bev="0" fileid="4" />
              </SequencePoints>
              <BranchPoints />
              <MethodPoint xsi:type="SequencePoint" vc="1" uspid="82" ordinal="0" offset="0" sl="13" sc="3" el="14" ec="35" bec="0" bev="0" fileid="4" />
            </Method>
            <Method visited="true" cyclomaticComplexity="1" sequenceCoverage="100" branchCoverage="100" isConstructor="true" isStatic="false" isGetter="false" isSetter="false">
              <Summary numSequencePoints="4" visitedSequencePoints="4" numBranchPoints="1" visitedBranchPoints="1" sequenceCoverage="100" branchCoverage="100" maxCyclomaticComplexity="1" minCyclomaticComplexity="1" />
              <MetadataToken>100663329</MetadataToken>
              <Name>System.Void DocMAH.Data.DatabaseConfiguration::.ctor(DocMAH.Data.IDatabaseAccess)</Name>
              <FileRef uid="4" />
              <SequencePoints>
                <SequencePoint vc="5" uspid="85" ordinal="0" offset="0" sl="19" sc="3" el="19" ec="63" bec="0" bev="0" fileid="4" />
                <SequencePoint vc="5" uspid="86" ordinal="1" offset="7" sl="20" sc="3" el="20" ec="4" bec="0" bev="0" fileid="4" />
                <SequencePoint vc="5" uspid="87" ordinal="2" offset="8" sl="21" sc="4" el="21" ec="37" bec="0" bev="0" fileid="4" />
                <SequencePoint vc="5" uspid="88" ordinal="3" offset="15" sl="22" sc="3" el="22" ec="4" bec="0" bev="0" fileid="4" />
              </SequencePoints>
              <BranchPoints />
              <MethodPoint xsi:type="SequencePoint" vc="5" uspid="85" ordinal="0" offset="0" sl="19" sc="3" el="19" ec="63" bec="0" bev="0" fileid="4" />
            </Method>
          </Methods>
        </Class>
        <Class>
          <Summary numSequencePoints="62" visitedSequencePoints="55" numBranchPoints="28" visitedBranchPoints="22" sequenceCoverage="88.71" branchCoverage="78.57" maxCyclomaticComplexity="15" minCyclomaticComplexity="1" />
          <FullName>DocMAH.Data.DatabaseUpdater</FullName>
          <Methods>
            <Method visited="false" cyclomaticComplexity="1" sequenceCoverage="0" branchCoverage="0" isConstructor="true" isStatic="false" isGetter="false" isSetter="false">
              <Summary numSequencePoints="3" visitedSequencePoints="0" numBranchPoints="1" visitedBranchPoints="0" sequenceCoverage="0" branchCoverage="0" maxCyclomaticComplexity="1" minCyclomaticComplexity="1" />
              <MetadataToken>100663335</MetadataToken>
              <Name>System.Void DocMAH.Data.DatabaseUpdater::.ctor()</Name>
              <FileRef uid="5" />
              <SequencePoints>
                <SequencePoint vc="0" uspid="89" ordinal="0" offset="0" sl="16" sc="3" el="17" ec="55" bec="0" bev="0" fileid="5" />
                <SequencePoint vc="0" uspid="90" ordinal="1" offset="17" sl="18" sc="3" el="18" ec="4" bec="0" bev="0" fileid="5" />
                <SequencePoint vc="0" uspid="91" ordinal="2" offset="18" sl="19" sc="3" el="19" ec="4" bec="0" bev="0" fileid="5" />
              </SequencePoints>
              <BranchPoints />
              <MethodPoint xsi:type="SequencePoint" vc="0" uspid="89" ordinal="0" offset="0" sl="16" sc="3" el="17" ec="55" bec="0" bev="0" fileid="5" />
            </Method>
            <Method visited="true" cyclomaticComplexity="1" sequenceCoverage="100" branchCoverage="100" isConstructor="true" isStatic="false" isGetter="false" isSetter="false">
              <Summary numSequencePoints="3" visitedSequencePoints="3" numBranchPoints="1" visitedBranchPoints="1" sequenceCoverage="100" branchCoverage="100" maxCyclomaticComplexity="1" minCyclomaticComplexity="1" />
              <MetadataToken>100663336</MetadataToken>
              <Name>System.Void DocMAH.Data.DatabaseUpdater::.ctor(System.Web.HttpContextBase)</Name>
              <FileRef uid="5" />
              <SequencePoints>
                <SequencePoint vc="1" uspid="92" ordinal="0" offset="0" sl="21" sc="3" el="22" ec="77" bec="0" bev="0" fileid="5" />
                <SequencePoint vc="1" uspid="93" ordinal="1" offset="18" sl="23" sc="3" el="23" ec="4" bec="0" bev="0" fileid="5" />
                <SequencePoint vc="1" uspid="94" ordinal="2" offset="19" sl="24" sc="3" el="24" ec="4" bec="0" bev="0" fileid="5" />
              </SequencePoints>
              <BranchPoints />
              <MethodPoint xsi:type="SequencePoint" vc="1" uspid="92" ordinal="0" offset="0" sl="21" sc="3" el="22" ec="77" bec="0" bev="0" fileid="5" />
            </Method>
            <Method visited="true" cyclomaticComplexity="1" sequenceCoverage="100" branchCoverage="100" isConstructor="true" isStatic="false" isGetter="false" isSetter="false">
              <Summary numSequencePoints="6" visitedSequencePoints="6" numBranchPoints="1" visitedBranchPoints="1" sequenceCoverage="100" branchCoverage="100" maxCyclomaticComplexity="1" minCyclomaticComplexity="1" />
              <MetadataToken>100663337</MetadataToken>
              <Name>System.Void DocMAH.Data.DatabaseUpdater::.ctor(System.Web.HttpContextBase,DocMAH.Data.IDatabaseAccess,DocMAH.Data.IDatabaseConfiguration)</Name>
              <FileRef uid="5" />
              <SequencePoints>
                <SequencePoint vc="5" uspid="95" ordinal="0" offset="0" sl="26" sc="3" el="26" ec="132" bec="0" bev="0" fileid="5" />
                <SequencePoint vc="5" uspid="96" ordinal="1" offset="7" sl="27" sc="3" el="27" ec="4" bec="0" bev="0" fileid="5" />
                <SequencePoint vc="5" uspid="97" ordinal="2" offset="8" sl="28" sc="4" el="28" ec="37" bec="0" bev="0" fileid="5" />
                <SequencePoint vc="5" uspid="98" ordinal="3" offset="15" sl="29" sc="4" el="29" ec="51" bec="0" bev="0" fileid="5" />
                <SequencePoint vc="5" uspid="99" ordinal="4" offset="22" sl="30" sc="4" el="30" ec="31" bec="0" bev="0" fileid="5" />
                <SequencePoint vc="5" uspid="100" ordinal="5" offset="29" sl="31" sc="3" el="31" ec="4" bec="0" bev="0" fileid="5" />
              </SequencePoints>
              <BranchPoints />
              <MethodPoint xsi:type="SequencePoint" vc="5" uspid="95" ordinal="0" offset="0" sl="26" sc="3" el="26" ec="132" bec="0" bev="0" fileid="5" />
            </Method>
            <Method visited="true" cyclomaticComplexity="15" sequenceCoverage="92" branchCoverage="80" isConstructor="false" isStatic="false" isGetter="false" isSetter="false">
              <Summary numSequencePoints="50" visitedSequencePoints="46" numBranchPoints="25" visitedBranchPoints="20" sequenceCoverage="92" branchCoverage="80" maxCyclomaticComplexity="15" minCyclomaticComplexity="15" />
              <MetadataToken>100663338</MetadataToken>
              <Name>System.Void DocMAH.Data.DatabaseUpdater::Update()</Name>
              <FileRef uid="5" />
              <SequencePoints>
                <SequencePoint vc="5" uspid="101" ordinal="0" offset="0" sl="46" sc="3" el="46" ec="4" bec="0" bev="0" fileid="5" />
                <SequencePoint vc="5" uspid="102" ordinal="1" offset="1" sl="47" sc="4" el="47" ec="69" bec="4" bev="4" fileid="5" />
                <SequencePoint vc="4" uspid="103" ordinal="2" offset="46" sl="48" sc="4" el="48" ec="5" bec="0" bev="0" fileid="5" />
                <SequencePoint vc="4" uspid="104" ordinal="3" offset="47" sl="49" sc="5" el="49" ec="69" bec="0" bev="0" fileid="5" />
                <SequencePoint vc="4" uspid="105" ordinal="4" offset="63" sl="52" sc="5" el="52" ec="12" bec="0" bev="0" fileid="5" />
                <SequencePoint vc="4" uspid="106" ordinal="5" offset="64" sl="52" sc="50" el="52" ec="66" bec="0" bev="0" fileid="5" />
                <SequencePoint vc="4" uspid="107" ordinal="6" offset="74" sl="52" sc="14" el="52" ec="46" bec="0" bev="0" fileid="5" />
                <SequencePoint vc="4" uspid="108" ordinal="7" offset="87" sl="53" sc="5" el="53" ec="6" bec="0" bev="0" fileid="5" />
                <SequencePoint vc="4" uspid="109" ordinal="8" offset="88" sl="54" sc="6" el="54" ec="78" bec="2" bev="2" fileid="5" />
                <SequencePoint vc="3" uspid="110" ordinal="9" offset="111" sl="55" sc="6" el="55" ec="7" bec="0" bev="0" fileid="5" />
                <SequencePoint vc="3" uspid="111" ordinal="10" offset="112" sl="56" sc="7" el="56" ec="56" bec="0" bev="0" fileid="5" />
                <SequencePoint vc="3" uspid="112" ordinal="11" offset="125" sl="57" sc="6" el="57" ec="7" bec="0" bev="0" fileid="5" />
                <SequencePoint vc="4" uspid="113" ordinal="12" offset="126" sl="58" sc="5" el="58" ec="6" bec="0" bev="0" fileid="5" />
                <SequencePoint vc="8" uspid="114" ordinal="13" offset="127" sl="52" sc="47" el="52" ec="49" bec="2" bev="2" fileid="5" />
                <SequencePoint vc="4" uspid="115" ordinal="14" offset="172" sl="61" sc="5" el="61" ec="31" bec="0" bev="0" fileid="5" />
                <SequencePoint vc="4" uspid="116" ordinal="15" offset="174" sl="63" sc="5" el="63" ec="97" bec="0" bev="0" fileid="5" />
                <SequencePoint vc="4" uspid="117" ordinal="16" offset="206" sl="64" sc="5" el="64" ec="31" bec="2" bev="2" fileid="5" />
                <SequencePoint vc="2" uspid="118" ordinal="17" offset="224" sl="65" sc="5" el="65" ec="6" bec="0" bev="0" fileid="5" />
                <SequencePoint vc="2" uspid="119" ordinal="18" offset="225" sl="66" sc="13" el="66" ec="56" bec="0" bev="0" fileid="5" />
                <SequencePoint vc="2" uspid="120" ordinal="19" offset="233" sl="67" sc="6" el="67" ec="7" bec="0" bev="0" fileid="5" />
                <SequencePoint vc="4" uspid="121" ordinal="20" offset="239" sl="69" sc="7" el="69" ec="8" bec="0" bev="0" fileid="5" />
                <SequencePoint vc="4" uspid="122" ordinal="21" offset="240" sl="70" sc="8" el="70" ec="54" bec="2" bev="1" fileid="5" />
                <SequencePoint vc="4" uspid="123" ordinal="22" offset="262" sl="71" sc="8" el="71" ec="9" bec="0" bev="0" fileid="5" />
                <SequencePoint vc="4" uspid="124" ordinal="23" offset="263" sl="72" sc="9" el="72" ec="70" bec="2" bev="2" fileid="5" />
                <SequencePoint vc="2" uspid="125" ordinal="24" offset="292" sl="73" sc="9" el="73" ec="10" bec="0" bev="0" fileid="5" />
                <SequencePoint vc="2" uspid="126" ordinal="25" offset="293" sl="74" sc="10" el="74" ec="109" bec="0" bev="0" fileid="5" />
                <SequencePoint vc="2" uspid="127" ordinal="26" offset="312" sl="75" sc="10" el="75" ec="79" bec="2" bev="1" fileid="5" />
                <SequencePoint vc="0" uspid="128" ordinal="27" offset="336" sl="76" sc="11" el="79" ec="32" bec="0" bev="0" fileid="5" />
                <SequencePoint vc="2" uspid="129" ordinal="28" offset="375" sl="81" sc="10" el="81" ec="105" bec="0" bev="0" fileid="5" />
                <SequencePoint vc="2" uspid="130" ordinal="29" offset="394" sl="82" sc="10" el="82" ec="76" bec="2" bev="1" fileid="5" />
                <SequencePoint vc="0" uspid="131" ordinal="30" offset="415" sl="83" sc="10" el="83" ec="11" bec="0" bev="0" fileid="5" />
                <SequencePoint vc="0" uspid="132" ordinal="31" offset="416" sl="84" sc="11" el="84" ec="17" bec="0" bev="0" fileid="5" />
                <SequencePoint vc="2" uspid="133" ordinal="32" offset="418" sl="87" sc="10" el="87" ec="31" bec="0" bev="0" fileid="5" />
                <SequencePoint vc="2" uspid="134" ordinal="33" offset="420" sl="88" sc="9" el="88" ec="10" bec="0" bev="0" fileid="5" />
                <SequencePoint vc="2" uspid="135" ordinal="34" offset="423" sl="89" sc="14" el="89" ec="74" bec="2" bev="1" fileid="5" />
                <SequencePoint vc="2" uspid="136" ordinal="35" offset="449" sl="90" sc="9" el="90" ec="10" bec="0" bev="0" fileid="5" />
                <SequencePoint vc="2" uspid="137" ordinal="36" offset="450" sl="91" sc="10" el="91" ec="29" bec="2" bev="1" fileid="5" />
                <SequencePoint vc="0" uspid="138" ordinal="37" offset="457" sl="92" sc="11" el="92" ec="135" bec="0" bev="0" fileid="5" />
                <SequencePoint vc="2" uspid="139" ordinal="38" offset="468" sl="93" sc="10" el="93" ec="59" bec="0" bev="0" fileid="5" />
                <SequencePoint vc="2" uspid="140" ordinal="39" offset="477" sl="94" sc="10" el="94" ec="50" bec="0" bev="0" fileid="5" />
                <SequencePoint vc="2" uspid="141" ordinal="40" offset="491" sl="95" sc="9" el="95" ec="10" bec="0" bev="0" fileid="5" />
                <SequencePoint vc="4" uspid="142" ordinal="41" offset="492" sl="96" sc="8" el="96" ec="9" bec="0" bev="0" fileid="5" />
                <SequencePoint vc="4" uspid="143" ordinal="42" offset="493" sl="97" sc="7" el="97" ec="8" bec="0" bev="0" fileid="5" />
                <SequencePoint vc="6" uspid="144" ordinal="43" offset="494" sl="68" sc="7" el="68" ec="31" bec="2" bev="2" fileid="5" />
                <SequencePoint vc="2" uspid="145" ordinal="44" offset="510" sl="99" sc="7" el="99" ec="25" bec="0" bev="0" fileid="5" />
                <SequencePoint vc="2" uspid="146" ordinal="45" offset="518" sl="100" sc="6" el="100" ec="7" bec="0" bev="0" fileid="5" />
                <SequencePoint vc="2" uspid="147" ordinal="46" offset="542" sl="101" sc="5" el="101" ec="6" bec="0" bev="0" fileid="5" />
                <SequencePoint vc="4" uspid="148" ordinal="47" offset="543" sl="103" sc="5" el="103" ec="55" bec="0" bev="0" fileid="5" />
                <SequencePoint vc="4" uspid="149" ordinal="48" offset="571" sl="104" sc="4" el="104" ec="5" bec="0" bev="0" fileid="5" />
                <SequencePoint vc="5" uspid="150" ordinal="49" offset="572" sl="105" sc="3" el="105" ec="4" bec="0" bev="0" fileid="5" />
              </SequencePoints>
              <BranchPoints>
                <BranchPoint vc="3" uspid="151" ordinal="0" offset="23" sl="47" path="0" offsetend="25" fileid="5" />
                <BranchPoint vc="2" uspid="152" ordinal="1" offset="23" sl="47" path="1" offsetend="32" fileid="5" />
                <BranchPoint vc="4" uspid="153" ordinal="2" offset="41" sl="47" path="0" offsetend="46" fileid="5" />
                <BranchPoint vc="1" uspid="154" ordinal="3" offset="41" sl="47" path="1" offsetend="572" fileid="5" />
                <BranchPoint vc="3" uspid="155" ordinal="4" offset="109" sl="54" path="0" offsetend="111" fileid="5" />
                <BranchPoint vc="1" uspid="156" ordinal="5" offset="109" sl="54" path="1" offsetend="126" fileid="5" />
                <BranchPoint vc="4" uspid="157" ordinal="6" offset="138" sl="52" path="0" offsetend="140" fileid="5" />
                <BranchPoint vc="4" uspid="158" ordinal="7" offset="138" sl="52" path="1" offsetend="74" fileid="5" />
                <BranchPoint vc="2" uspid="159" ordinal="8" offset="219" sl="64" path="0" offsetend="224" fileid="5" />
                <BranchPoint vc="2" uspid="160" ordinal="9" offset="219" sl="64" path="1" offsetend="543" fileid="5" />
                <BranchPoint vc="4" uspid="161" ordinal="10" offset="257" sl="70" path="0" offsetend="262" fileid="5" />
                <BranchPoint vc="0" uspid="162" ordinal="11" offset="257" sl="70" path="1" offsetend="493" fileid="5" />
                <BranchPoint vc="2" uspid="163" ordinal="12" offset="287" sl="72" path="0" offsetend="292" fileid="5" />
                <BranchPoint vc="2" uspid="164" ordinal="13" offset="287" sl="72" path="1" offsetend="423" fileid="5" />
                <BranchPoint vc="0" uspid="165" ordinal="14" offset="334" sl="75" path="0" offsetend="336" fileid="5" />
                <BranchPoint vc="2" uspid="166" ordinal="15" offset="334" sl="75" path="1" offsetend="375" fileid="5" />
                <BranchPoint vc="0" uspid="167" ordinal="16" offset="413" sl="82" path="0" offsetend="415" fileid="5" />
                <BranchPoint vc="2" uspid="168" ordinal="17" offset="413" sl="82" path="1" offsetend="418" fileid="5" />
                <BranchPoint vc="2" uspid="169" ordinal="18" offset="447" sl="89" path="0" offsetend="449" fileid="5" />
                <BranchPoint vc="0" uspid="170" ordinal="19" offset="447" sl="89" path="1" offsetend="492" fileid="5" />
                <BranchPoint vc="0" uspid="171" ordinal="20" offset="455" sl="91" path="0" offsetend="457" fileid="5" />
                <BranchPoint vc="2" uspid="172" ordinal="21" offset="455" sl="91" path="1" offsetend="468" fileid="5" />
                <BranchPoint vc="2" uspid="173" ordinal="22" offset="505" sl="68" path="0" offsetend="510" fileid="5" />
                <BranchPoint vc="4" uspid="174" ordinal="23" offset="505" sl="68" path="1" offsetend="239" fileid="5" />
              </BranchPoints>
              <MethodPoint xsi:type="SequencePoint" vc="5" uspid="101" ordinal="0" offset="0" sl="46" sc="3" el="46" ec="4" bec="0" bev="0" fileid="5" />
            </Method>
          </Methods>
        </Class>
        <Class>
          <Summary numSequencePoints="0" visitedSequencePoints="0" numBranchPoints="0" visitedBranchPoints="0" sequenceCoverage="0" branchCoverage="0" maxCyclomaticComplexity="0" minCyclomaticComplexity="0" />
          <FullName>DocMAH.Data.XmlNodeNames</FullName>
          <Methods />
        </Class>
        <Class>
          <Summary numSequencePoints="3" visitedSequencePoints="3" numBranchPoints="3" visitedBranchPoints="3" sequenceCoverage="100" branchCoverage="100" maxCyclomaticComplexity="3" minCyclomaticComplexity="3" />
          <FullName>DocMAH.Extensions.Int32Extensions</FullName>
          <Methods>
            <Method visited="true" cyclomaticComplexity="3" sequenceCoverage="100" branchCoverage="100" isConstructor="false" isStatic="true" isGetter="false" isSetter="false">
              <Summary numSequencePoints="3" visitedSequencePoints="3" numBranchPoints="3" visitedBranchPoints="3" sequenceCoverage="100" branchCoverage="100" maxCyclomaticComplexity="3" minCyclomaticComplexity="3" />
              <MetadataToken>100663339</MetadataToken>
              <Name>System.String DocMAH.Extensions.Int32Extensions::ToNullableSqlValue(System.Nullable`1&lt;System.Int32&gt;)</Name>
              <FileRef uid="6" />
              <SequencePoints>
                <SequencePoint vc="2" uspid="175" ordinal="0" offset="0" sl="12" sc="3" el="12" ec="4" bec="0" bev="0" fileid="6" />
                <SequencePoint vc="2" uspid="176" ordinal="1" offset="1" sl="13" sc="4" el="13" ec="54" bec="2" bev="2" fileid="6" />
                <SequencePoint vc="2" uspid="177" ordinal="2" offset="34" sl="14" sc="3" el="14" ec="4" bec="0" bev="0" fileid="6" />
              </SequencePoints>
              <BranchPoints>
                <BranchPoint vc="1" uspid="178" ordinal="0" offset="8" sl="13" path="0" offsetend="10" fileid="6" />
                <BranchPoint vc="1" uspid="179" ordinal="1" offset="8" sl="13" path="1" offsetend="17" fileid="6" />
              </BranchPoints>
              <MethodPoint xsi:type="SequencePoint" vc="2" uspid="175" ordinal="0" offset="0" sl="12" sc="3" el="12" ec="4" bec="0" bev="0" fileid="6" />
            </Method>
          </Methods>
        </Class>
        <Class>
          <Summary numSequencePoints="12" visitedSequencePoints="12" numBranchPoints="3" visitedBranchPoints="3" sequenceCoverage="100" branchCoverage="100" maxCyclomaticComplexity="2" minCyclomaticComplexity="2" />
          <FullName>DocMAH.Extensions.ListExtensions</FullName>
          <Methods>
            <Method visited="true" cyclomaticComplexity="2" sequenceCoverage="100" branchCoverage="100" isConstructor="false" isStatic="true" isGetter="false" isSetter="false">
              <Summary numSequencePoints="12" visitedSequencePoints="12" numBranchPoints="3" visitedBranchPoints="3" sequenceCoverage="100" branchCoverage="100" maxCyclomaticComplexity="2" minCyclomaticComplexity="2" />
              <MetadataToken>100663340</MetadataToken>
              <Name>System.String DocMAH.Extensions.ListExtensions::ToCsv(System.Collections.Generic.List`1&lt;Type&gt;)</Name>
              <FileRef uid="7" />
              <SequencePoints>
                <SequencePoint vc="1" uspid="180" ordinal="0" offset="0" sl="12" sc="3" el="12" ec="4" bec="0" bev="0" fileid="7" />
                <SequencePoint vc="1" uspid="181" ordinal="1" offset="1" sl="13" sc="4" el="13" ec="37" bec="0" bev="0" fileid="7" />
                <SequencePoint vc="1" uspid="182" ordinal="2" offset="7" sl="14" sc="4" el="14" ec="11" bec="0" bev="0" fileid="7" />
                <SequencePoint vc="1" uspid="183" ordinal="3" offset="8" sl="14" sc="26" el="14" ec="32" bec="0" bev="0" fileid="7" />
                <SequencePoint vc="3" uspid="184" ordinal="4" offset="17" sl="14" sc="13" el="14" ec="22" bec="0" bev="0" fileid="7" />
                <SequencePoint vc="3" uspid="185" ordinal="5" offset="25" sl="15" sc="4" el="15" ec="5" bec="0" bev="0" fileid="7" />
                <SequencePoint vc="3" uspid="186" ordinal="6" offset="26" sl="16" sc="5" el="16" ec="26" bec="0" bev="0" fileid="7" />
                <SequencePoint vc="3" uspid="187" ordinal="7" offset="39" sl="17" sc="5" el="17" ec="24" bec="0" bev="0" fileid="7" />
                <SequencePoint vc="3" uspid="188" ordinal="8" offset="48" sl="18" sc="4" el="18" ec="5" bec="0" bev="0" fileid="7" />
                <SequencePoint vc="4" uspid="189" ordinal="9" offset="49" sl="14" sc="23" el="14" ec="25" bec="2" bev="2" fileid="7" />
                <SequencePoint vc="1" uspid="190" ordinal="10" offset="80" sl="19" sc="4" el="19" ec="55" bec="0" bev="0" fileid="7" />
                <SequencePoint vc="1" uspid="191" ordinal="11" offset="102" sl="20" sc="3" el="20" ec="4" bec="0" bev="0" fileid="7" />
              </SequencePoints>
              <BranchPoints>
                <BranchPoint vc="1" uspid="192" ordinal="0" offset="60" sl="14" path="0" offsetend="62" fileid="7" />
                <BranchPoint vc="3" uspid="193" ordinal="1" offset="60" sl="14" path="1" offsetend="17" fileid="7" />
              </BranchPoints>
              <MethodPoint xsi:type="SequencePoint" vc="1" uspid="180" ordinal="0" offset="0" sl="12" sc="3" el="12" ec="4" bec="0" bev="0" fileid="7" />
            </Method>
          </Methods>
        </Class>
        <Class>
          <Summary numSequencePoints="6" visitedSequencePoints="6" numBranchPoints="4" visitedBranchPoints="4" sequenceCoverage="100" branchCoverage="100" maxCyclomaticComplexity="2" minCyclomaticComplexity="1" />
          <FullName>DocMAH.Extensions.StringExtensions</FullName>
          <Methods>
            <Method visited="true" cyclomaticComplexity="2" sequenceCoverage="100" branchCoverage="100" isConstructor="false" isStatic="true" isGetter="false" isSetter="false">
              <Summary numSequencePoints="3" visitedSequencePoints="3" numBranchPoints="3" visitedBranchPoints="3" sequenceCoverage="100" branchCoverage="100" maxCyclomaticComplexity="2" minCyclomaticComplexity="2" />
              <MetadataToken>100663341</MetadataToken>
              <Name>System.String DocMAH.Extensions.StringExtensions::ToNullableSqlValue(System.String)</Name>
              <FileRef uid="8" />
              <SequencePoints>
                <SequencePoint vc="2" uspid="194" ordinal="0" offset="0" sl="12" sc="3" el="12" ec="4" bec="0" bev="0" fileid="8" />
                <SequencePoint vc="2" uspid="195" ordinal="1" offset="1" sl="13" sc="4" el="13" ec="85" bec="2" bev="2" fileid="8" />
                <SequencePoint vc="2" uspid="196" ordinal="2" offset="41" sl="14" sc="3" el="14" ec="4" bec="0" bev="0" fileid="8" />
              </SequencePoints>
              <BranchPoints>
                <BranchPoint vc="1" uspid="197" ordinal="0" offset="2" sl="13" path="0" offsetend="4" fileid="8" />
                <BranchPoint vc="1" uspid="198" ordinal="1" offset="2" sl="13" path="1" offsetend="32" fileid="8" />
              </BranchPoints>
              <MethodPoint xsi:type="SequencePoint" vc="2" uspid="194" ordinal="0" offset="0" sl="12" sc="3" el="12" ec="4" bec="0" bev="0" fileid="8" />
            </Method>
            <Method visited="true" cyclomaticComplexity="1" sequenceCoverage="100" branchCoverage="100" isConstructor="false" isStatic="true" isGetter="false" isSetter="false">
              <Summary numSequencePoints="3" visitedSequencePoints="3" numBranchPoints="1" visitedBranchPoints="1" sequenceCoverage="100" branchCoverage="100" maxCyclomaticComplexity="1" minCyclomaticComplexity="1" />
              <MetadataToken>100663342</MetadataToken>
              <Name>System.String DocMAH.Extensions.StringExtensions::ToSqlValue(System.String)</Name>
              <FileRef uid="8" />
              <SequencePoints>
                <SequencePoint vc="2" uspid="199" ordinal="0" offset="0" sl="17" sc="3" el="17" ec="4" bec="0" bev="0" fileid="8" />
                <SequencePoint vc="2" uspid="200" ordinal="1" offset="1" sl="18" sc="4" el="18" ec="59" bec="0" bev="0" fileid="8" />
                <SequencePoint vc="2" uspid="201" ordinal="2" offset="30" sl="19" sc="3" el="19" ec="4" bec="0" bev="0" fileid="8" />
              </SequencePoints>
              <BranchPoints />
              <MethodPoint xsi:type="SequencePoint" vc="2" uspid="199" ordinal="0" offset="0" sl="17" sc="3" el="17" ec="4" bec="0" bev="0" fileid="8" />
            </Method>
          </Methods>
        </Class>
        <Class>
          <Summary numSequencePoints="131" visitedSequencePoints="65" numBranchPoints="44" visitedBranchPoints="22" sequenceCoverage="49.62" branchCoverage="50" maxCyclomaticComplexity="2" minCyclomaticComplexity="1" />
          <FullName>DocMAH.Properties.Resources</FullName>
          <Methods>
            <Method visited="true" cyclomaticComplexity="2" sequenceCoverage="100" branchCoverage="100" isConstructor="false" isStatic="true" isGetter="true" isSetter="false">
              <Summary numSequencePoints="8" visitedSequencePoints="8" numBranchPoints="3" visitedBranchPoints="3" sequenceCoverage="100" branchCoverage="100" maxCyclomaticComplexity="2" minCyclomaticComplexity="2" />
              <MetadataToken>100663344</MetadataToken>
              <Name>System.Resources.ResourceManager DocMAH.Properties.Resources::get_ResourceManager()</Name>
              <FileRef uid="9" />
              <SequencePoints>
                <SequencePoint vc="145" uspid="202" ordinal="0" offset="0" sl="40" sc="17" el="40" ec="18" bec="0" bev="0" fileid="9" />
                <SequencePoint vc="145" uspid="203" ordinal="1" offset="1" sl="41" sc="17" el="41" ec="63" bec="2" bev="2" fileid="9" />
                <SequencePoint vc="1" uspid="204" ordinal="2" offset="19" sl="41" sc="64" el="41" ec="65" bec="0" bev="0" fileid="9" />
                <SequencePoint vc="1" uspid="205" ordinal="3" offset="20" sl="42" sc="21" el="42" ec="173" bec="0" bev="0" fileid="9" />
                <SequencePoint vc="1" uspid="206" ordinal="4" offset="46" sl="43" sc="21" el="43" ec="40" bec="0" bev="0" fileid="9" />
                <SequencePoint vc="1" uspid="207" ordinal="5" offset="52" sl="44" sc="17" el="44" ec="18" bec="0" bev="0" fileid="9" />
[...]
                <SequencePoint vc="0" uspid="1547" ordinal="33" offset="342" sl="522" sc="7" el="522" ec="50" bec="0" bev="0" fileid="21" />
                <SequencePoint vc="0" uspid="1548" ordinal="34" offset="350" sl="523" sc="7" el="523" ec="35" bec="0" bev="0" fileid="21" />
                <SequencePoint vc="0" uspid="1549" ordinal="35" offset="358" sl="524" sc="6" el="524" ec="7" bec="0" bev="0" fileid="21" />
                <SequencePoint vc="0" uspid="1550" ordinal="36" offset="359" sl="525" sc="5" el="525" ec="6" bec="0" bev="0" fileid="21" />
                <SequencePoint vc="0" uspid="1551" ordinal="37" offset="360" sl="528" sc="5" el="528" ec="49" bec="0" bev="0" fileid="21" />
                <SequencePoint vc="0" uspid="1552" ordinal="38" offset="373" sl="529" sc="5" el="529" ec="43" bec="0" bev="0" fileid="21" />
                <SequencePoint vc="0" uspid="1553" ordinal="39" offset="384" sl="530" sc="10" el="530" ec="35" bec="0" bev="0" fileid="21" />
                <SequencePoint vc="0" uspid="1554" ordinal="40" offset="390" sl="531" sc="5" el="531" ec="6" bec="0" bev="0" fileid="21" />
                <SequencePoint vc="0" uspid="1555" ordinal="41" offset="391" sl="532" sc="6" el="532" ec="31" bec="0" bev="0" fileid="21" />
                <SequencePoint vc="0" uspid="1556" ordinal="42" offset="408" sl="533" sc="6" el="533" ec="50" bec="0" bev="0" fileid="21" />
                <SequencePoint vc="0" uspid="1557" ordinal="43" offset="429" sl="534" sc="5" el="534" ec="6" bec="0" bev="0" fileid="21" />
                <SequencePoint vc="0" uspid="1558" ordinal="44" offset="430" sl="530" sc="57" el="530" ec="60" bec="0" bev="0" fileid="21" />
                <SequencePoint vc="0" uspid="1559" ordinal="45" offset="436" sl="530" sc="36" el="530" ec="55" bec="2" bev="0" fileid="21" />
                <SequencePoint vc="0" uspid="1560" ordinal="46" offset="451" sl="535" sc="4" el="535" ec="5" bec="0" bev="0" fileid="21" />
                <SequencePoint vc="0" uspid="1561" ordinal="47" offset="452" sl="536" sc="3" el="536" ec="4" bec="0" bev="0" fileid="21" />
              </SequencePoints>
              <BranchPoints>
                <BranchPoint vc="0" uspid="1562" ordinal="0" offset="14" sl="476" path="0" offsetend="19" fileid="21" />
                <BranchPoint vc="0" uspid="1563" ordinal="1" offset="14" sl="476" path="1" offsetend="452" fileid="21" />
                <BranchPoint vc="0" uspid="1564" ordinal="2" offset="122" sl="492" path="0" offsetend="124" fileid="21" />
                <BranchPoint vc="0" uspid="1565" ordinal="3" offset="122" sl="492" path="1" offsetend="145" fileid="21" />
                <BranchPoint vc="0" uspid="1566" ordinal="4" offset="154" sl="492" path="0" offsetend="156" fileid="21" />
                <BranchPoint vc="0" uspid="1567" ordinal="5" offset="154" sl="492" path="1" offsetend="277" fileid="21" />
                <BranchPoint vc="0" uspid="1568" ordinal="6" offset="228" sl="495" path="0" offsetend="230" fileid="21" />
                <BranchPoint vc="0" uspid="1569" ordinal="7" offset="228" sl="495" path="1" offsetend="167" fileid="21" />
                <BranchPoint vc="0" uspid="1570" ordinal="8" offset="303" sl="511" path="0" offsetend="305" fileid="21" />
                <BranchPoint vc="0" uspid="1571" ordinal="9" offset="303" sl="511" path="1" offsetend="333" fileid="21" />
                <BranchPoint vc="0" uspid="1572" ordinal="10" offset="449" sl="530" path="0" offsetend="451" fileid="21" />
                <BranchPoint vc="0" uspid="1573" ordinal="11" offset="449" sl="530" path="1" offsetend="390" fileid="21" />
              </BranchPoints>
              <MethodPoint xsi:type="SequencePoint" vc="0" uspid="1514" ordinal="0" offset="0" sl="475" sc="3" el="475" ec="4" bec="0" bev="0" fileid="21" />
            </Method>
          </Methods>
        </Class>
        <Class>
          <Summary numSequencePoints="1" visitedSequencePoints="0" numBranchPoints="1" visitedBranchPoints="0" sequenceCoverage="0" branchCoverage="0" maxCyclomaticComplexity="1" minCyclomaticComplexity="1" />
          <FullName>DocMAH.Web.RequestProcessor/&lt;&gt;c__DisplayClass1</FullName>
          <Methods>
            <Method visited="false" cyclomaticComplexity="1" sequenceCoverage="0" branchCoverage="0" isConstructor="true" isStatic="false" isGetter="false" isSetter="false">
              <Summary numSequencePoints="0" visitedSequencePoints="0" numBranchPoints="0" visitedBranchPoints="0" sequenceCoverage="0" branchCoverage="0" maxCyclomaticComplexity="1" minCyclomaticComplexity="1" />
              <MetadataToken>100663612</MetadataToken>
              <Name>System.Void DocMAH.Web.RequestProcessor/&lt;&gt;c__DisplayClass1::.ctor()</Name>
              <SequencePoints />
              <BranchPoints />
              <MethodPoint vc="0" uspid="1574" ordinal="0" offset="0" />
            </Method>
            <Method visited="false" cyclomaticComplexity="1" sequenceCoverage="0" branchCoverage="0" isConstructor="false" isStatic="false" isGetter="false" isSetter="false">
              <Summary numSequencePoints="1" visitedSequencePoints="0" numBranchPoints="1" visitedBranchPoints="0" sequenceCoverage="0" branchCoverage="0" maxCyclomaticComplexity="1" minCyclomaticComplexity="1" />
              <MetadataToken>100663613</MetadataToken>
              <Name>System.Boolean DocMAH.Web.RequestProcessor/&lt;&gt;c__DisplayClass1::&lt;ProcessDeletePageRequest&gt;b__0(DocMAH.Models.Page)</Name>
              <FileRef uid="21" />
              <SequencePoints>
                <SequencePoint vc="0" uspid="1575" ordinal="0" offset="0" sl="117" sc="32" el="117" ec="46" bec="0" bev="0" fileid="21" />
              </SequencePoints>
              <BranchPoints />
              <MethodPoint xsi:type="SequencePoint" vc="0" uspid="1575" ordinal="0" offset="0" sl="117" sc="32" el="117" ec="46" bec="0" bev="0" fileid="21" />
            </Method>
          </Methods>
        </Class>
        <Class>
          <Summary numSequencePoints="7" visitedSequencePoints="0" numBranchPoints="4" visitedBranchPoints="0" sequenceCoverage="0" branchCoverage="0" maxCyclomaticComplexity="2" minCyclomaticComplexity="1" />
          <FullName>DocMAH.Web.RequestProcessor/&lt;&gt;c__DisplayClassc</FullName>
          <Methods>
            <Method visited="false" cyclomaticComplexity="1" sequenceCoverage="0" branchCoverage="0" isConstructor="true" isStatic="false" isGetter="false" isSetter="false">
              <Summary numSequencePoints="0" visitedSequencePoints="0" numBranchPoints="0" visitedBranchPoints="0" sequenceCoverage="0" branchCoverage="0" maxCyclomaticComplexity="1" minCyclomaticComplexity="1" />
              <MetadataToken>100663614</MetadataToken>
              <Name>System.Void DocMAH.Web.RequestProcessor/&lt;&gt;c__DisplayClassc::.ctor()</Name>
              <SequencePoints />
              <BranchPoints />
              <MethodPoint vc="0" uspid="1576" ordinal="0" offset="0" />
            </Method>
            <Method visited="false" cyclomaticComplexity="2" sequenceCoverage="0" branchCoverage="0" isConstructor="false" isStatic="false" isGetter="false" isSetter="false">
              <Summary numSequencePoints="4" visitedSequencePoints="0" numBranchPoints="3" visitedBranchPoints="0" sequenceCoverage="0" branchCoverage="0" maxCyclomaticComplexity="2" minCyclomaticComplexity="2" />
              <MetadataToken>100663615</MetadataToken>
              <Name>System.Void DocMAH.Web.RequestProcessor/&lt;&gt;c__DisplayClassc::&lt;ProcessSaveHelpRequest&gt;b__7(DocMAH.Models.Bullet)</Name>
              <FileRef uid="21" />
              <SequencePoints>
                <SequencePoint vc="0" uspid="1577" ordinal="0" offset="20" sl="414" sc="6" el="414" ec="7" bec="0" bev="0" fileid="21" />
                <SequencePoint vc="0" uspid="1578" ordinal="1" offset="21" sl="415" sc="7" el="415" ec="65" bec="2" bev="0" fileid="21" />
                <SequencePoint vc="0" uspid="1579" ordinal="2" offset="53" sl="416" sc="8" el="416" ec="51" bec="0" bev="0" fileid="21" />
                <SequencePoint vc="0" uspid="1580" ordinal="3" offset="81" sl="417" sc="6" el="417" ec="7" bec="0" bev="0" fileid="21" />
              </SequencePoints>
              <BranchPoints>
                <BranchPoint vc="0" uspid="1581" ordinal="0" offset="51" sl="415" path="0" offsetend="53" fileid="21" />
                <BranchPoint vc="0" uspid="1582" ordinal="1" offset="51" sl="415" path="1" offsetend="81" fileid="21" />
              </BranchPoints>
              <MethodPoint vc="0" uspid="1583" ordinal="0" offset="0" />
            </Method>
            <Method visited="false" cyclomaticComplexity="1" sequenceCoverage="0" branchCoverage="0" isConstructor="false" isStatic="false" isGetter="false" isSetter="false">
              <Summary numSequencePoints="3" visitedSequencePoints="0" numBranchPoints="1" visitedBranchPoints="0" sequenceCoverage="0" branchCoverage="0" maxCyclomaticComplexity="1" minCyclomaticComplexity="1" />
              <MetadataToken>100663616</MetadataToken>
              <Name>System.Void DocMAH.Web.RequestProcessor/&lt;&gt;c__DisplayClassc::&lt;ProcessSaveHelpRequest&gt;b__9(DocMAH.Models.Bullet)</Name>
              <FileRef uid="21" />
              <SequencePoints>
                <SequencePoint vc="0" uspid="1584" ordinal="0" offset="0" sl="431" sc="6" el="431" ec="7" bec="0" bev="0" fileid="21" />
                <SequencePoint vc="0" uspid="1585" ordinal="1" offset="1" sl="432" sc="7" el="432" ec="31" bec="0" bev="0" fileid="21" />
                <SequencePoint vc="0" uspid="1586" ordinal="2" offset="19" sl="433" sc="7" el="433" ec="45" bec="0" bev="0" fileid="21" />
              </SequencePoints>
              <BranchPoints />
              <MethodPoint xsi:type="SequencePoint" vc="0" uspid="1584" ordinal="0" offset="0" sl="431" sc="6" el="431" ec="7" bec="0" bev="0" fileid="21" />
            </Method>
          </Methods>
        </Class>
        <Class>
          <Summary numSequencePoints="1" visitedSequencePoints="0" numBranchPoints="1" visitedBranchPoints="0" sequenceCoverage="0" branchCoverage="0" maxCyclomaticComplexity="1" minCyclomaticComplexity="1" />
          <FullName>DocMAH.Web.RequestProcessor/&lt;&gt;c__DisplayClassc/&lt;&gt;c__DisplayClass12</FullName>
          <Methods>
            <Method visited="false" cyclomaticComplexity="1" sequenceCoverage="0" branchCoverage="0" isConstructor="true" isStatic="false" isGetter="false" isSetter="false">
              <Summary numSequencePoints="0" visitedSequencePoints="0" numBranchPoints="0" visitedBranchPoints="0" sequenceCoverage="0" branchCoverage="0" maxCyclomaticComplexity="1" minCyclomaticComplexity="1" />
              <MetadataToken>100663617</MetadataToken>
              <Name>System.Void DocMAH.Web.RequestProcessor/&lt;&gt;c__DisplayClassc/&lt;&gt;c__DisplayClass12::.ctor()</Name>
              <SequencePoints />
              <BranchPoints />
              <MethodPoint vc="0" uspid="1587" ordinal="0" offset="0" />
            </Method>
            <Method visited="false" cyclomaticComplexity="1" sequenceCoverage="0" branchCoverage="0" isConstructor="false" isStatic="false" isGetter="false" isSetter="false">
              <Summary numSequencePoints="1" visitedSequencePoints="0" numBranchPoints="1" visitedBranchPoints="0" sequenceCoverage="0" branchCoverage="0" maxCyclomaticComplexity="1" minCyclomaticComplexity="1" />
              <MetadataToken>100663618</MetadataToken>
              <Name>System.Boolean DocMAH.Web.RequestProcessor/&lt;&gt;c__DisplayClassc/&lt;&gt;c__DisplayClass12::&lt;ProcessSaveHelpRequest&gt;b__8(DocMAH.Models.Bullet)</Name>
              <FileRef uid="21" />
              <SequencePoints>
                <SequencePoint vc="0" uspid="1588" ordinal="0" offset="0" sl="415" sc="39" el="415" ec="63" bec="0" bev="0" fileid="21" />
              </SequencePoints>
              <BranchPoints />
              <MethodPoint xsi:type="SequencePoint" vc="0" uspid="1588" ordinal="0" offset="0" sl="415" sc="39" el="415" ec="63" bec="0" bev="0" fileid="21" />
            </Method>
          </Methods>
        </Class>
        <Class>
          <Summary numSequencePoints="6" visitedSequencePoints="0" numBranchPoints="3" visitedBranchPoints="0" sequenceCoverage="0" branchCoverage="0" maxCyclomaticComplexity="2" minCyclomaticComplexity="1" />
          <FullName>DocMAH.Web.RequestProcessor/&lt;&gt;c__DisplayClasse</FullName>
          <Methods>
            <Method visited="false" cyclomaticComplexity="1" sequenceCoverage="0" branchCoverage="0" isConstructor="true" isStatic="false" isGetter="false" isSetter="false">
              <Summary numSequencePoints="0" visitedSequencePoints="0" numBranchPoints="0" visitedBranchPoints="0" sequenceCoverage="0" branchCoverage="0" maxCyclomaticComplexity="1" minCyclomaticComplexity="1" />
              <MetadataToken>100663619</MetadataToken>
              <Name>System.Void DocMAH.Web.RequestProcessor/&lt;&gt;c__DisplayClasse::.ctor()</Name>
              <SequencePoints />
              <BranchPoints />
              <MethodPoint vc="0" uspid="1589" ordinal="0" offset="0" />
            </Method>
            <Method visited="false" cyclomaticComplexity="2" sequenceCoverage="0" branchCoverage="0" isConstructor="false" isStatic="false" isGetter="false" isSetter="false">
              <Summary numSequencePoints="6" visitedSequencePoints="0" numBranchPoints="3" visitedBranchPoints="0" sequenceCoverage="0" branchCoverage="0" maxCyclomaticComplexity="2" minCyclomaticComplexity="2" />
              <MetadataToken>100663620</MetadataToken>
              <Name>System.Void DocMAH.Web.RequestProcessor/&lt;&gt;c__DisplayClasse::&lt;ProcessSaveHelpRequest&gt;b__5(DocMAH.Models.Bullet)</Name>
              <FileRef uid="21" />
              <SequencePoints>
                <SequencePoint vc="0" uspid="1590" ordinal="0" offset="32" sl="405" sc="6" el="405" ec="7" bec="0" bev="0" fileid="21" />
                <SequencePoint vc="0" uspid="1591" ordinal="1" offset="33" sl="406" sc="7" el="406" ec="31" bec="0" bev="0" fileid="21" />
                <SequencePoint vc="0" uspid="1592" ordinal="2" offset="61" sl="407" sc="7" el="407" ec="69" bec="2" bev="0" fileid="21" />
                <SequencePoint vc="0" uspid="1593" ordinal="3" offset="91" sl="408" sc="8" el="408" ec="46" bec="0" bev="0" fileid="21" />
                <SequencePoint vc="0" uspid="1594" ordinal="4" offset="121" sl="410" sc="8" el="410" ec="46" bec="0" bev="0" fileid="21" />
                <SequencePoint vc="0" uspid="1595" ordinal="5" offset="149" sl="411" sc="6" el="411" ec="7" bec="0" bev="0" fileid="21" />
              </SequencePoints>
              <BranchPoints>
                <BranchPoint vc="0" uspid="1596" ordinal="0" offset="89" sl="407" path="0" offsetend="91" fileid="21" />
                <BranchPoint vc="0" uspid="1597" ordinal="1" offset="89" sl="407" path="1" offsetend="121" fileid="21" />
              </BranchPoints>
              <MethodPoint vc="0" uspid="1598" ordinal="0" offset="0" />
            </Method>
          </Methods>
        </Class>
        <Class>
          <Summary numSequencePoints="1" visitedSequencePoints="0" numBranchPoints="1" visitedBranchPoints="0" sequenceCoverage="0" branchCoverage="0" maxCyclomaticComplexity="1" minCyclomaticComplexity="1" />
          <FullName>DocMAH.Web.RequestProcessor/&lt;&gt;c__DisplayClasse/&lt;&gt;c__DisplayClass10</FullName>
          <Methods>
            <Method visited="false" cyclomaticComplexity="1" sequenceCoverage="0" branchCoverage="0" isConstructor="true" isStatic="false" isGetter="false" isSetter="false">
              <Summary numSequencePoints="0" visitedSequencePoints="0" numBranchPoints="0" visitedBranchPoints="0" sequenceCoverage="0" branchCoverage="0" maxCyclomaticComplexity="1" minCyclomaticComplexity="1" />
              <MetadataToken>100663621</MetadataToken>
              <Name>System.Void DocMAH.Web.RequestProcessor/&lt;&gt;c__DisplayClasse/&lt;&gt;c__DisplayClass10::.ctor()</Name>
              <SequencePoints />
              <BranchPoints />
              <MethodPoint vc="0" uspid="1599" ordinal="0" offset="0" />
            </Method>
            <Method visited="false" cyclomaticComplexity="1" sequenceCoverage="0" branchCoverage="0" isConstructor="false" isStatic="false" isGetter="false" isSetter="false">
              <Summary numSequencePoints="1" visitedSequencePoints="0" numBranchPoints="1" visitedBranchPoints="0" sequenceCoverage="0" branchCoverage="0" maxCyclomaticComplexity="1" minCyclomaticComplexity="1" />
              <MetadataToken>100663622</MetadataToken>
              <Name>System.Boolean DocMAH.Web.RequestProcessor/&lt;&gt;c__DisplayClasse/&lt;&gt;c__DisplayClass10::&lt;ProcessSaveHelpRequest&gt;b__6(DocMAH.Models.Bullet)</Name>
              <FileRef uid="21" />
              <SequencePoints>
                <SequencePoint vc="0" uspid="1600" ordinal="0" offset="0" sl="407" sc="43" el="407" ec="67" bec="0" bev="0" fileid="21" />
              </SequencePoints>
              <BranchPoints />
              <MethodPoint xsi:type="SequencePoint" vc="0" uspid="1600" ordinal="0" offset="0" sl="407" sc="43" el="407" ec="67" bec="0" bev="0" fileid="21" />
            </Method>
          </Methods>
        </Class>
      </Classes>
    </Module>
    <Module skippedDueTo="Filter" hash="43-0F-9E-14-71-13-7F-E2-26-11-26-04-62-4A-0E-92-1F-0F-04-20">
      <FullName>C:\Windows\Microsoft.Net\assembly\GAC_MSIL\System.Core\v4.0_4.0.0.0__b77a5c561934e089\System.Core.dll</FullName>
      <ModuleName>System.Core</ModuleName>
      <Classes />
    </Module>
    <Module skippedDueTo="Filter" hash="">
      <FullName>RefEmit_InMemoryManifestModule</FullName>
      <ModuleName>Anonymously Hosted DynamicMethods Assembly</ModuleName>
      <Classes />
    </Module>
    <Module skippedDueTo="Filter" hash="">
      <FullName>RefEmit_InMemoryManifestModule</FullName>
      <ModuleName>DynamicProxyGenAssembly2</ModuleName>
      <Classes />
    </Module>
    <Module skippedDueTo="Filter" hash="">
      <FullName>RefEmit_InMemoryManifestModule</FullName>
      <ModuleName>DynamicProxyGenAssembly2</ModuleName>
      <Classes />
    </Module>
    <Module skippedDueTo="Filter" hash="95-50-78-76-0C-97-0A-A6-96-E2-68-E8-BD-4F-78-F1-1C-21-CA-10">
      <FullName>C:\Windows\Microsoft.Net\assembly\GAC_32\System.Web\v4.0_4.0.0.0__b03f5f7f11d50a3a\System.Web.dll</FullName>
      <ModuleName>System.Web</ModuleName>
      <Classes />
    </Module>
    <Module skippedDueTo="Filter" hash="B6-92-70-2B-74-74-8B-7D-92-C2-67-1D-CA-15-D4-44-41-B2-4E-15">
      <FullName>C:\Windows\Microsoft.Net\assembly\GAC_32\System.Data\v4.0_4.0.0.0__b77a5c561934e089\System.Data.dll</FullName>
      <ModuleName>System.Data</ModuleName>
      <Classes />
    </Module>
    <Module skippedDueTo="Filter" hash="F6-29-8B-2A-5B-7C-F6-3F-E0-47-31-3F-09-AD-2A-42-A4-C4-F3-B8">
      <FullName>C:\Windows\Microsoft.Net\assembly\GAC_32\System.Transactions\v4.0_4.0.0.0__b77a5c561934e089\System.Transactions.dll</FullName>
      <ModuleName>System.Transactions</ModuleName>
      <Classes />
    </Module>
    <Module skippedDueTo="Filter" hash="B9-D0-22-D0-F9-CC-7B-09-DE-AC-C5-A0-AD-6B-39-D1-4F-C0-47-A3">
      <FullName>C:\Windows\Microsoft.Net\assembly\GAC_32\System.EnterpriseServices\v4.0_4.0.0.0__b03f5f7f11d50a3a\System.EnterpriseServices.dll</FullName>
      <ModuleName>System.EnterpriseServices</ModuleName>
      <Classes />
    </Module>
  </Modules>
</CoverageSession>